8544 2520 8583
8547 2520 8596
8550 2520 8596
8550 2520 8698
8550 2520 8698
8550 5040 8602
8553 2520 8598
8556 5040 8645
8556 5040 8743
8559 5040 8649
8559 10080 8636
8560 2520 8702
8562 2520 8610
8598 40320 8669
8602 2520 8652
8602 2520 8742
8610 2520 8658
8636 2520 8695
8637 2520 8696
8645 7717 8715
8669 10080 8729
8669 10080 8731
8655 2520 8695
8655 2520 8697
8670 10080 8732
8696 20160 8795
8697 5040 8764
8698 5040 8887
8702 2520 8745
8715 2520 8764
8729 7717 8799
8726 5040 8811
8732 7717 8804
8732 2520 8771
8732 10080 8794
8745 12757 8871
8765 2520 8807
8765 2520 8823
8771 5040 8827
8796 20160 8849
8796 10080 8866
8799 2520 8839
8799 2520 8850
8804 5040 8887
8804 2520 8850
8807 5040 8989
8811 5040 8863
8823 2520 8960
8827 2520 8865
8849 7717 8930
8849 2520 8896
8849 10080 8912
8850 7717 8916
8850 2520 8998
8863 2520 9005
8863 2520 8912
8871 20160 8930
8887 10080 8949
8888 2520 8942
8888 2520 8932
8896 2520 8935
8912 2520 9051
8930 20160 8987
8949 40320 9024
8949 2520 9005
8950 2520 8996
8960 2520 9096
8987 10080 9133
8988 5040 9045
8990 10080 9046
8998 5040 9176
9005 5040 9063
9024 10080 9098
9025 2520 9062
9025 10080 9171
9025 10080 9097
9025 2520 9082
9025 2520 9090
9051 20160 9140
9062 2520 9099
9091 10080 9232
9097 10080 9168
9097 2520 9238
9098 2520 9156
9100 10080 9166
9133 2520 9182
9133 2520 9182
9141 7717 9215
9141 2520 9174
9141 10080 9203
9166 10080 9239
9169 12757 9299
9171 10080 9233
9176 10080 9230
9182 2520 9317
9182 2520 9229
9203 2520 9250
9203 2520 9347
9233 40320 9321
9233 2520 9366
9238 5040 9320
9240 2520 9277
9250 10080 9320
9299 10080 9451
9299 5040 9366
9317 5040 9497
9320 2520 9360
9320 2520 9375
9320 10080 9393
9322 10080 9465
9322 2520 9366
9322 5040 9407
9322 20160 9370
9322 2520 9386
9367 10080 9432
9370 10080 9432
9370 10080 9433
9371 2520 9420
9371 2520 9430
9394 10080 9468
9395 2520 9460
9395 2520 9457
9407 5040 9497
9432 10080 9498
9432 5040 9515
9429 2520 9476
9433 2520 9575
9433 5040 9525
9433 2520 9572
9451 10080 9521
9457 10080 9524
9468 20160 9529
9469 2520 9513
9476 2520 9618
9498 5040 9583
9498 2520 9630
9498 5040 9680
9498 5040 9591
9515 10080 9577
9521 2520 9668
9521 2520 9572
9524 10080 9588
9525 2520 9586
9525 2520 9575
9529 7717 9600
9529 5040 9723
9528 2520 9670
9530 2520 9578
9530 5040 9632
9575 10080 9633
9578 5040 9665
9578 2520 9728
9578 2520 9630
9578 2520 9631
9583 2520 9627
9591 20160 9644
9600 10080 9661
9627 5040 9702
9630 2520 9670
9633 20160 9692
9644 10080 9787
9644 7717 9720
9661 7717 9732
9694 40320 9790
9703 5040 9760
9723 10080 9784
9728 5040 9784
9732 10080 9790
9760 2520 9795
9787 20160 9838
9787 2520 9922
9787 2520 9836
9787 2520 9835
9791 12757 9914
9791 2520 9836
9792 12757 9921
9838 40320 9932
9821 2520 9868
9839 2520 9885
9839 5040 9922
9868 2520 9911
9885 2520 9925
9915 12757 10036
9922 20160 10015
9925 5040 10003
9932 2520 9974
9933 10080 10007
9933 5040 10018
9933 5040 10107
9974 20160 10023
10007 7717 10090
10005 2520 10050
10015 10080 10085
10015 7717 10084
10015 5040 10105
10015 2520 10057
10018 5040 10118
10023 2520 10069
10023 2520 10164
10036 20160 10091
10036 2520 10080
10050 7717 10118
10057 2520 10104
10069 2520 10118
10085 20160 10146
10092 20160 10143
10092 2520 10136
10105 10080 10172
10107 5040 10191
10119 20160 10174
10143 7717 10217
10143 2520 10301
10173 40320 10244
10175 5040 10254
10175 5040 10263
10244 20160 10295
10245 20160 10307
10196 7717 10286
10196 2520 10260
10245 2520 10292
10245 2520 10384
10245 2520 10285
10254 10080 10314
10287 12757 10419
10272 7717 10345
10296 5040 10481
10296 5040 10386
10296 5040 10386
10481 80640 10558
10559 80640 10635
