8544 2520
8545 2520
8546 2520
8547 5040
8548 5040
8549 5040
8550 17640
8551 17640
8552 17640
8553 20160
8554 20160
8555 20160
8556 30240
8557 30240
8558 30240
8559 45360
8560 47880
8561 47880
8562 50400
8563 50400
8564 50400
8565 50400
8566 50400
8567 50400
8568 50400
8569 50400
8570 50400
8571 50400
8572 50400
8573 50400
8574 50400
8575 50400
8576 50400
8577 50400
8578 50400
8579 50400
8580 50400
8581 50400
8582 50400
8583 47880
8584 47880
8585 47880
8586 47880
8587 47880
8588 47880
8589 47880
8590 47880
8591 47880
8592 47880
8593 47880
8594 47880
8595 47880
8596 42840
8597 42840
8598 80640
8599 80640
8600 80640
8601 80640
8602 80640
8603 80640
8604 80640
8605 80640
8606 80640
8607 80640
8608 80640
8609 80640
8610 80640
8611 80640
8612 80640
8613 80640
8614 80640
8615 80640
8616 80640
8617 80640
8618 80640
8619 80640
8620 80640
8621 80640
8622 80640
8623 80640
8624 80640
8625 80640
8626 80640
8627 80640
8628 80640
8629 80640
8630 80640
8631 80640
8632 80640
8633 80640
8634 80640
8635 80640
8636 73080
8637 75600
8638 75600
8639 75600
8640 75600
8641 75600
8642 75600
8643 75600
8644 75600
8645 78277
8646 78277
8647 78277
8648 78277
8649 73237
8650 73237
8651 73237
8652 70717
8653 70717
8654 70717
8655 75757
8656 75757
8657 75757
8658 73237
8659 73237
8660 73237
8661 73237
8662 73237
8663 73237
8664 73237
8665 73237
8666 73237
8667 73237
8668 73237
8669 53077
8670 63157
8671 63157
8672 63157
8673 63157
8674 63157
8675 63157
8676 63157
8677 63157
8678 63157
8679 63157
8680 63157
8681 63157
8682 63157
8683 63157
8684 63157
8685 63157
8686 63157
8687 63157
8688 63157
8689 63157
8690 63157
8691 63157
8692 63157
8693 63157
8694 63157
8695 58117
8696 75757
8697 78277
8698 78277
8699 78277
8700 78277
8701 78277
8702 78277
8703 78277
8704 78277
8705 78277
8706 78277
8707 78277
8708 78277
8709 78277
8710 78277
8711 78277
8712 78277
8713 78277
8714 78277
8715 73080
8716 73080
8717 73080
8718 73080
8719 73080
8720 73080
8721 73080
8722 73080
8723 73080
8724 73080
8725 73080
8726 78120
8727 78120
8728 78120
8729 75757
8730 75757
8731 65677
8732 75914
8733 75914
8734 75914
8735 75914
8736 75914
8737 75914
8738 75914
8739 75914
8740 75914
8741 75914
8742 73394
8743 68354
8744 68354
8745 78591
8746 78591
8747 78591
8748 78591
8749 78591
8750 78591
8751 78591
8752 78591
8753 78591
8754 78591
8755 78591
8756 78591
8757 78591
8758 78591
8759 78591
8760 78591
8761 78591
8762 78591
8763 78591
8764 71031
8765 76071
8766 76071
8767 76071
8768 76071
8769 76071
8770 76071
8771 78591
8772 78591
8773 78591
8774 78591
8775 78591
8776 78591
8777 78591
8778 78591
8779 78591
8780 78591
8781 78591
8782 78591
8783 78591
8784 78591
8785 78591
8786 78591
8787 78591
8788 78591
8789 78591
8790 78591
8791 78591
8792 78591
8793 78591
8794 68511
8795 48351
8796 78591
8797 78591
8798 78591
8799 75914
8800 75914
8801 75914
8802 75914
8803 75914
8804 75757
8805 75757
8806 75757
8807 78277
8808 78277
8809 78277
8810 78277
8811 78277
8812 78277
8813 78277
8814 78277
8815 78277
8816 78277
8817 78277
8818 78277
8819 78277
8820 78277
8821 78277
8822 78277
8823 78277
8824 78277
8825 78277
8826 78277
8827 75757
8828 75757
8829 75757
8830 75757
8831 75757
8832 75757
8833 75757
8834 75757
8835 75757
8836 75757
8837 75757
8838 75757
8839 73237
8840 73237
8841 73237
8842 73237
8843 73237
8844 73237
8845 73237
8846 73237
8847 73237
8848 73237
8849 73394
8850 78591
8851 78591
8852 78591
8853 78591
8854 78591
8855 78591
8856 78591
8857 78591
8858 78591
8859 78591
8860 78591
8861 78591
8862 78591
8863 78591
8864 78591
8865 76071
8866 65991
8867 65991
8868 65991
8869 65991
8870 65991
8871 73394
8872 73394
8873 73394
8874 73394
8875 73394
8876 73394
8877 73394
8878 73394
8879 73394
8880 73394
8881 73394
8882 73394
8883 73394
8884 73394
8885 73394
8886 73394
8887 73394
8888 78434
8889 78434
8890 78434
8891 78434
8892 78434
8893 78434
8894 78434
8895 78434
8896 78434
8897 78434
8898 78434
8899 78434
8900 78434
8901 78434
8902 78434
8903 78434
8904 78434
8905 78434
8906 78434
8907 78434
8908 78434
8909 78434
8910 78434
8911 78434
8912 68354
8913 68354
8914 68354
8915 68354
8916 60637
8917 60637
8918 60637
8919 60637
8920 60637
8921 60637
8922 60637
8923 60637
8924 60637
8925 60637
8926 60637
8927 60637
8928 60637
8929 60637
8930 52920
8931 52920
8932 50400
8933 50400
8934 50400
8935 47880
8936 47880
8937 47880
8938 47880
8939 47880
8940 47880
8941 47880
8942 45360
8943 45360
8944 45360
8945 45360
8946 45360
8947 45360
8948 45360
8949 78120
8950 80640
8951 80640
8952 80640
8953 80640
8954 80640
8955 80640
8956 80640
8957 80640
8958 80640
8959 80640
8960 80640
8961 80640
8962 80640
8963 80640
8964 80640
8965 80640
8966 80640
8967 80640
8968 80640
8969 80640
8970 80640
8971 80640
8972 80640
8973 80640
8974 80640
8975 80640
8976 80640
8977 80640
8978 80640
8979 80640
8980 80640
8981 80640
8982 80640
8983 80640
8984 80640
8985 80640
8986 80640
8987 70560
8988 75600
8989 70560
8990 80640
8991 80640
8992 80640
8993 80640
8994 80640
8995 80640
8996 78120
8997 78120
8998 80640
8999 80640
9000 80640
9001 80640
9002 80640
9003 80640
9004 80640
9005 80640
9006 80640
9007 80640
9008 80640
9009 80640
9010 80640
9011 80640
9012 80640
9013 80640
9014 80640
9015 80640
9016 80640
9017 80640
9018 80640
9019 80640
9020 80640
9021 80640
9022 80640
9023 80640
9024 50400
9025 78120
9026 78120
9027 78120
9028 78120
9029 78120
9030 78120
9031 78120
9032 78120
9033 78120
9034 78120
9035 78120
9036 78120
9037 78120
9038 78120
9039 78120
9040 78120
9041 78120
9042 78120
9043 78120
9044 78120
9045 73080
9046 63000
9047 63000
9048 63000
9049 63000
9050 63000
9051 80640
9052 80640
9053 80640
9054 80640
9055 80640
9056 80640
9057 80640
9058 80640
9059 80640
9060 80640
9061 80640
9062 80640
9063 75600
9064 75600
9065 75600
9066 75600
9067 75600
9068 75600
9069 75600
9070 75600
9071 75600
9072 75600
9073 75600
9074 75600
9075 75600
9076 75600
9077 75600
9078 75600
9079 75600
9080 75600
9081 75600
9082 73080
9083 73080
9084 73080
9085 73080
9086 73080
9087 73080
9088 73080
9089 73080
9090 70560
9091 80640
9092 80640
9093 80640
9094 80640
9095 80640
9096 78120
9097 80640
9098 73080
9099 70560
9100 80640
9101 80640
9102 80640
9103 80640
9104 80640
9105 80640
9106 80640
9107 80640
9108 80640
9109 80640
9110 80640
9111 80640
9112 80640
9113 80640
9114 80640
9115 80640
9116 80640
9117 80640
9118 80640
9119 80640
9120 80640
9121 80640
9122 80640
9123 80640
9124 80640
9125 80640
9126 80640
9127 80640
9128 80640
9129 80640
9130 80640
9131 80640
9132 80640
9133 75600
9134 75600
9135 75600
9136 75600
9137 75600
9138 75600
9139 75600
9140 55440
9141 75757
9142 75757
9143 75757
9144 75757
9145 75757
9146 75757
9147 75757
9148 75757
9149 75757
9150 75757
9151 75757
9152 75757
9153 75757
9154 75757
9155 75757
9156 73237
9157 73237
9158 73237
9159 73237
9160 73237
9161 73237
9162 73237
9163 73237
9164 73237
9165 73237
9166 73237
9167 73237
9168 63157
9169 75914
9170 75914
9171 75914
9172 75914
9173 75914
9174 73394
9175 73394
9176 78434
9177 78434
9178 78434
9179 78434
9180 78434
9181 78434
9182 78434
9183 78434
9184 78434
9185 78434
9186 78434
9187 78434
9188 78434
9189 78434
9190 78434
9191 78434
9192 78434
9193 78434
9194 78434
9195 78434
9196 78434
9197 78434
9198 78434
9199 78434
9200 78434
9201 78434
9202 78434
9203 73394
9204 73394
9205 73394
9206 73394
9207 73394
9208 73394
9209 73394
9210 73394
9211 73394
9212 73394
9213 73394
9214 73394
9215 65677
9216 65677
9217 65677
9218 65677
9219 65677
9220 65677
9221 65677
9222 65677
9223 65677
9224 65677
9225 65677
9226 65677
9227 65677
9228 65677
9229 63157
9230 53077
9231 53077
9232 42997
9233 75757
9234 75757
9235 75757
9236 75757
9237 75757
9238 78277
9239 68197
9240 70717
9241 70717
9242 70717
9243 70717
9244 70717
9245 70717
9246 70717
9247 70717
9248 70717
9249 70717
9250 78277
9251 78277
9252 78277
9253 78277
9254 78277
9255 78277
9256 78277
9257 78277
9258 78277
9259 78277
9260 78277
9261 78277
9262 78277
9263 78277
9264 78277
9265 78277
9266 78277
9267 78277
9268 78277
9269 78277
9270 78277
9271 78277
9272 78277
9273 78277
9274 78277
9275 78277
9276 78277
9277 75757
9278 75757
9279 75757
9280 75757
9281 75757
9282 75757
9283 75757
9284 75757
9285 75757
9286 75757
9287 75757
9288 75757
9289 75757
9290 75757
9291 75757
9292 75757
9293 75757
9294 75757
9295 75757
9296 75757
9297 75757
9298 75757
9299 78120
9300 78120
9301 78120
9302 78120
9303 78120
9304 78120
9305 78120
9306 78120
9307 78120
9308 78120
9309 78120
9310 78120
9311 78120
9312 78120
9313 78120
9314 78120
9315 78120
9316 78120
9317 80640
9318 80640
9319 80640
9320 80640
9321 40320
9322 80640
9323 80640
9324 80640
9325 80640
9326 80640
9327 80640
9328 80640
9329 80640
9330 80640
9331 80640
9332 80640
9333 80640
9334 80640
9335 80640
9336 80640
9337 80640
9338 80640
9339 80640
9340 80640
9341 80640
9342 80640
9343 80640
9344 80640
9345 80640
9346 80640
9347 78120
9348 78120
9349 78120
9350 78120
9351 78120
9352 78120
9353 78120
9354 78120
9355 78120
9356 78120
9357 78120
9358 78120
9359 78120
9360 75600
9361 75600
9362 75600
9363 75600
9364 75600
9365 75600
9366 65520
9367 75600
9368 75600
9369 75600
9370 75600
9371 80640
9372 80640
9373 80640
9374 80640
9375 78120
9376 78120
9377 78120
9378 78120
9379 78120
9380 78120
9381 78120
9382 78120
9383 78120
9384 78120
9385 78120
9386 75600
9387 75600
9388 75600
9389 75600
9390 75600
9391 75600
9392 75600
9393 65520
9394 75600
9395 80640
9396 80640
9397 80640
9398 80640
9399 80640
9400 80640
9401 80640
9402 80640
9403 80640
9404 80640
9405 80640
9406 80640
9407 80640
9408 80640
9409 80640
9410 80640
9411 80640
9412 80640
9413 80640
9414 80640
9415 80640
9416 80640
9417 80640
9418 80640
9419 80640
9420 78120
9421 78120
9422 78120
9423 78120
9424 78120
9425 78120
9426 78120
9427 78120
9428 78120
9429 80640
9430 78120
9431 78120
9432 73080
9433 73080
9434 73080
9435 73080
9436 73080
9437 73080
9438 73080
9439 73080
9440 73080
9441 73080
9442 73080
9443 73080
9444 73080
9445 73080
9446 73080
9447 73080
9448 73080
9449 73080
9450 73080
9451 73080
9452 73080
9453 73080
9454 73080
9455 73080
9456 73080
9457 80640
9458 80640
9459 80640
9460 78120
9461 78120
9462 78120
9463 78120
9464 78120
9465 68040
9466 68040
9467 68040
9468 78120
9469 80640
9470 80640
9471 80640
9472 80640
9473 80640
9474 80640
9475 80640
9476 80640
9477 80640
9478 80640
9479 80640
9480 80640
9481 80640
9482 80640
9483 80640
9484 80640
9485 80640
9486 80640
9487 80640
9488 80640
9489 80640
9490 80640
9491 80640
9492 80640
9493 80640
9494 80640
9495 80640
9496 80640
9497 70560
9498 78120
9499 78120
9500 78120
9501 78120
9502 78120
9503 78120
9504 78120
9505 78120
9506 78120
9507 78120
9508 78120
9509 78120
9510 78120
9511 78120
9512 78120
9513 75600
9514 75600
9515 80640
9516 80640
9517 80640
9518 80640
9519 80640
9520 80640
9521 75600
9522 75600
9523 75600
9524 75600
9525 75600
9526 75600
9527 75600
9528 78120
9529 70717
9530 78277
9531 78277
9532 78277
9533 78277
9534 78277
9535 78277
9536 78277
9537 78277
9538 78277
9539 78277
9540 78277
9541 78277
9542 78277
9543 78277
9544 78277
9545 78277
9546 78277
9547 78277
9548 78277
9549 78277
9550 78277
9551 78277
9552 78277
9553 78277
9554 78277
9555 78277
9556 78277
9557 78277
9558 78277
9559 78277
9560 78277
9561 78277
9562 78277
9563 78277
9564 78277
9565 78277
9566 78277
9567 78277
9568 78277
9569 78277
9570 78277
9571 78277
9572 73237
9573 73237
9574 73237
9575 78277
9576 78277
9577 68197
9578 78277
9579 78277
9580 78277
9581 78277
9582 78277
9583 75757
9584 75757
9585 75757
9586 73237
9587 73237
9588 63157
9589 63157
9590 63157
9591 78277
9592 78277
9593 78277
9594 78277
9595 78277
9596 78277
9597 78277
9598 78277
9599 78277
9600 80640
9601 80640
9602 80640
9603 80640
9604 80640
9605 80640
9606 80640
9607 80640
9608 80640
9609 80640
9610 80640
9611 80640
9612 80640
9613 80640
9614 80640
9615 80640
9616 80640
9617 80640
9618 78120
9619 78120
9620 78120
9621 78120
9622 78120
9623 78120
9624 78120
9625 78120
9626 78120
9627 80640
9628 80640
9629 80640
9630 78120
9631 75600
9632 70560
9633 80640
9634 80640
9635 80640
9636 80640
9637 80640
9638 80640
9639 80640
9640 80640
9641 80640
9642 80640
9643 80640
9644 78277
9645 78277
9646 78277
9647 78277
9648 78277
9649 78277
9650 78277
9651 78277
9652 78277
9653 78277
9654 78277
9655 78277
9656 78277
9657 78277
9658 78277
9659 78277
9660 78277
9661 75914
9662 75914
9663 75914
9664 75914
9665 70874
9666 70874
9667 70874
9668 68354
9669 68354
9670 63314
9671 63314
9672 63314
9673 63314
9674 63314
9675 63314
9676 63314
9677 63314
9678 63314
9679 63314
9680 58274
9681 58274
9682 58274
9683 58274
9684 58274
9685 58274
9686 58274
9687 58274
9688 58274
9689 58274
9690 58274
9691 58274
9692 38114
9693 38114
9694 78434
9695 78434
9696 78434
9697 78434
9698 78434
9699 78434
9700 78434
9701 78434
9702 73394
9703 78434
9704 78434
9705 78434
9706 78434
9707 78434
9708 78434
9709 78434
9710 78434
9711 78434
9712 78434
9713 78434
9714 78434
9715 78434
9716 78434
9717 78434
9718 78434
9719 78434
9720 70717
9721 70717
9722 70717
9723 75757
9724 75757
9725 75757
9726 75757
9727 75757
9728 78277
9729 78277
9730 78277
9731 78277
9732 80640
9733 80640
9734 80640
9735 80640
9736 80640
9737 80640
9738 80640
9739 80640
9740 80640
9741 80640
9742 80640
9743 80640
9744 80640
9745 80640
9746 80640
9747 80640
9748 80640
9749 80640
9750 80640
9751 80640
9752 80640
9753 80640
9754 80640
9755 80640
9756 80640
9757 80640
9758 80640
9759 80640
9760 78120
9761 78120
9762 78120
9763 78120
9764 78120
9765 78120
9766 78120
9767 78120
9768 78120
9769 78120
9770 78120
9771 78120
9772 78120
9773 78120
9774 78120
9775 78120
9776 78120
9777 78120
9778 78120
9779 78120
9780 78120
9781 78120
9782 78120
9783 78120
9784 63000
9785 63000
9786 63000
9787 80640
9788 80640
9789 80640
9790 30240
9791 45517
9792 58274
9793 58274
9794 58274
9795 55754
9796 55754
9797 55754
9798 55754
9799 55754
9800 55754
9801 55754
9802 55754
9803 55754
9804 55754
9805 55754
9806 55754
9807 55754
9808 55754
9809 55754
9810 55754
9811 55754
9812 55754
9813 55754
9814 55754
9815 55754
9816 55754
9817 55754
9818 55754
9819 55754
9820 55754
9821 58274
9822 58274
9823 58274
9824 58274
9825 58274
9826 58274
9827 58274
9828 58274
9829 58274
9830 58274
9831 58274
9832 58274
9833 58274
9834 58274
9835 55754
9836 50714
9837 50714
9838 70874
9839 78434
9840 78434
9841 78434
9842 78434
9843 78434
9844 78434
9845 78434
9846 78434
9847 78434
9848 78434
9849 78434
9850 78434
9851 78434
9852 78434
9853 78434
9854 78434
9855 78434
9856 78434
9857 78434
9858 78434
9859 78434
9860 78434
9861 78434
9862 78434
9863 78434
9864 78434
9865 78434
9866 78434
9867 78434
9868 78434
9869 78434
9870 78434
9871 78434
9872 78434
9873 78434
9874 78434
9875 78434
9876 78434
9877 78434
9878 78434
9879 78434
9880 78434
9881 78434
9882 78434
9883 78434
9884 78434
9885 78434
9886 78434
9887 78434
9888 78434
9889 78434
9890 78434
9891 78434
9892 78434
9893 78434
9894 78434
9895 78434
9896 78434
9897 78434
9898 78434
9899 78434
9900 78434
9901 78434
9902 78434
9903 78434
9904 78434
9905 78434
9906 78434
9907 78434
9908 78434
9909 78434
9910 78434
9911 75914
9912 75914
9913 75914
9914 63157
9915 75914
9916 75914
9917 75914
9918 75914
9919 75914
9920 75914
9921 63157
9922 75757
9923 75757
9924 75757
9925 78277
9926 78277
9927 78277
9928 78277
9929 78277
9930 78277
9931 78277
9932 40477
9933 60637
9934 60637
9935 60637
9936 60637
9937 60637
9938 60637
9939 60637
9940 60637
9941 60637
9942 60637
9943 60637
9944 60637
9945 60637
9946 60637
9947 60637
9948 60637
9949 60637
9950 60637
9951 60637
9952 60637
9953 60637
9954 60637
9955 60637
9956 60637
9957 60637
9958 60637
9959 60637
9960 60637
9961 60637
9962 60637
9963 60637
9964 60637
9965 60637
9966 60637
9967 60637
9968 60637
9969 60637
9970 60637
9971 60637
9972 60637
9973 60637
9974 78277
9975 78277
9976 78277
9977 78277
9978 78277
9979 78277
9980 78277
9981 78277
9982 78277
9983 78277
9984 78277
9985 78277
9986 78277
9987 78277
9988 78277
9989 78277
9990 78277
9991 78277
9992 78277
9993 78277
9994 78277
9995 78277
9996 78277
9997 78277
9998 78277
9999 78277
10000 78277
10001 78277
10002 78277
10003 73237
10004 73237
10005 75757
10006 75757
10007 73394
10008 73394
10009 73394
10010 73394
10011 73394
10012 73394
10013 73394
10014 73394
10015 78591
10016 78591
10017 78591
10018 78591
10019 78591
10020 78591
10021 78591
10022 78591
10023 63471
10024 63471
10025 63471
10026 63471
10027 63471
10028 63471
10029 63471
10030 63471
10031 63471
10032 63471
10033 63471
10034 63471
10035 63471
10036 73394
10037 73394
10038 73394
10039 73394
10040 73394
10041 73394
10042 73394
10043 73394
10044 73394
10045 73394
10046 73394
10047 73394
10048 73394
10049 73394
10050 78591
10051 78591
10052 78591
10053 78591
10054 78591
10055 78591
10056 78591
10057 78591
10058 78591
10059 78591
10060 78591
10061 78591
10062 78591
10063 78591
10064 78591
10065 78591
10066 78591
10067 78591
10068 78591
10069 78591
10070 78591
10071 78591
10072 78591
10073 78591
10074 78591
10075 78591
10076 78591
10077 78591
10078 78591
10079 78591
10080 76071
10081 76071
10082 76071
10083 76071
10084 68354
10085 78434
10086 78434
10087 78434
10088 78434
10089 78434
10090 70717
10091 50557
10092 73237
10093 73237
10094 73237
10095 73237
10096 73237
10097 73237
10098 73237
10099 73237
10100 73237
10101 73237
10102 73237
10103 73237
10104 70717
10105 75757
10106 75757
10107 75757
10108 75757
10109 75757
10110 75757
10111 75757
10112 75757
10113 75757
10114 75757
10115 75757
10116 75757
10117 75757
10118 60480
10119 80640
10120 80640
10121 80640
10122 80640
10123 80640
10124 80640
10125 80640
10126 80640
10127 80640
10128 80640
10129 80640
10130 80640
10131 80640
10132 80640
10133 80640
10134 80640
10135 80640
10136 78120
10137 78120
10138 78120
10139 78120
10140 78120
10141 78120
10142 78120
10143 68197
10144 68197
10145 68197
10146 48037
10147 48037
10148 48037
10149 48037
10150 48037
10151 48037
10152 48037
10153 48037
10154 48037
10155 48037
10156 48037
10157 48037
10158 48037
10159 48037
10160 48037
10161 48037
10162 48037
10163 48037
10164 45517
10165 45517
10166 45517
10167 45517
10168 45517
10169 45517
10170 45517
10171 45517
10172 35437
10173 75757
10174 55597
10175 65677
10176 65677
10177 65677
10178 65677
10179 65677
10180 65677
10181 65677
10182 65677
10183 65677
10184 65677
10185 65677
10186 65677
10187 65677
10188 65677
10189 65677
10190 65677
10191 60637
10192 60637
10193 60637
10194 60637
10195 60637
10196 70874
10197 70874
10198 70874
10199 70874
10200 70874
10201 70874
10202 70874
10203 70874
10204 70874
10205 70874
10206 70874
10207 70874
10208 70874
10209 70874
10210 70874
10211 70874
10212 70874
10213 70874
10214 70874
10215 70874
10216 70874
10217 63157
10218 63157
10219 63157
10220 63157
10221 63157
10222 63157
10223 63157
10224 63157
10225 63157
10226 63157
10227 63157
10228 63157
10229 63157
10230 63157
10231 63157
10232 63157
10233 63157
10234 63157
10235 63157
10236 63157
10237 63157
10238 63157
10239 63157
10240 63157
10241 63157
10242 63157
10243 63157
10244 42997
10245 70717
10246 70717
10247 70717
10248 70717
10249 70717
10250 70717
10251 70717
10252 70717
10253 70717
10254 75757
10255 75757
10256 75757
10257 75757
10258 75757
10259 75757
10260 73237
10261 73237
10262 73237
10263 68197
10264 68197
10265 68197
10266 68197
10267 68197
10268 68197
10269 68197
10270 68197
10271 68197
10272 75914
10273 75914
10274 75914
10275 75914
10276 75914
10277 75914
10278 75914
10279 75914
10280 75914
10281 75914
10282 75914
10283 75914
10284 75914
10285 73394
10286 65677
10287 78434
10288 78434
10289 78434
10290 78434
10291 78434
10292 75914
10293 75914
10294 75914
10295 55754
10296 70874
10297 70874
10298 70874
10299 70874
10300 70874
10301 68354
10302 68354
10303 68354
10304 68354
10305 68354
10306 68354
10307 48194
10308 48194
10309 48194
10310 48194
10311 48194
10312 48194
10313 48194
10314 38114
10315 38114
10316 38114
10317 38114
10318 38114
10319 38114
10320 38114
10321 38114
10322 38114
10323 38114
10324 38114
10325 38114
10326 38114
10327 38114
10328 38114
10329 38114
10330 38114
10331 38114
10332 38114
10333 38114
10334 38114
10335 38114
10336 38114
10337 38114
10338 38114
10339 38114
10340 38114
10341 38114
10342 38114
10343 38114
10344 38114
10345 30397
10346 30397
10347 30397
10348 30397
10349 30397
10350 30397
10351 30397
10352 30397
10353 30397
10354 30397
10355 30397
10356 30397
10357 30397
10358 30397
10359 30397
10360 30397
10361 30397
10362 30397
10363 30397
10364 30397
10365 30397
10366 30397
10367 30397
10368 30397
10369 30397
10370 30397
10371 30397
10372 30397
10373 30397
10374 30397
10375 30397
10376 30397
10377 30397
10378 30397
10379 30397
10380 30397
10381 30397
10382 30397
10383 30397
10384 27877
10385 27877
10386 17797
10387 17797
10388 17797
10389 17797
10390 17797
10391 17797
10392 17797
10393 17797
10394 17797
10395 17797
10396 17797
10397 17797
10398 17797
10399 17797
10400 17797
10401 17797
10402 17797
10403 17797
10404 17797
10405 17797
10406 17797
10407 17797
10408 17797
10409 17797
10410 17797
10411 17797
10412 17797
10413 17797
10414 17797
10415 17797
10416 17797
10417 17797
10418 17797
10419 5040
10420 5040
10421 5040
10422 5040
10423 5040
10424 5040
10425 5040
10426 5040
10427 5040
10428 5040
10429 5040
10430 5040
10431 5040
10432 5040
10433 5040
10434 5040
10435 5040
10436 5040
10437 5040
10438 5040
10439 5040
10440 5040
10441 5040
10442 5040
10443 5040
10444 5040
10445 5040
10446 5040
10447 5040
10448 5040
10449 5040
10450 5040
10451 5040
10452 5040
10453 5040
10454 5040
10455 5040
10456 5040
10457 5040
10458 5040
10459 5040
10460 5040
10461 5040
10462 5040
10463 5040
10464 5040
10465 5040
10466 5040
10467 5040
10468 5040
10469 5040
10470 5040
10471 5040
10472 5040
10473 5040
10474 5040
10475 5040
10476 5040
10477 5040
10478 5040
10479 5040
10480 5040
10481 80640
10482 80640
10483 80640
10484 80640
10485 80640
10486 80640
10487 80640
10488 80640
10489 80640
10490 80640
10491 80640
10492 80640
10493 80640
10494 80640
10495 80640
10496 80640
10497 80640
10498 80640
10499 80640
10500 80640
10501 80640
10502 80640
10503 80640
10504 80640
10505 80640
10506 80640
10507 80640
10508 80640
10509 80640
10510 80640
10511 80640
10512 80640
10513 80640
10514 80640
10515 80640
10516 80640
10517 80640
10518 80640
10519 80640
10520 80640
10521 80640
10522 80640
10523 80640
10524 80640
10525 80640
10526 80640
10527 80640
10528 80640
10529 80640
10530 80640
10531 80640
10532 80640
10533 80640
10534 80640
10535 80640
10536 80640
10537 80640
10538 80640
10539 80640
10540 80640
10541 80640
10542 80640
10543 80640
10544 80640
10545 80640
10546 80640
10547 80640
10548 80640
10549 80640
10550 80640
10551 80640
10552 80640
10553 80640
10554 80640
10555 80640
10556 80640
10557 80640
10558 0
10559 80640
10560 80640
10561 80640
10562 80640
10563 80640
10564 80640
10565 80640
10566 80640
10567 80640
10568 80640
10569 80640
10570 80640
10571 80640
10572 80640
10573 80640
10574 80640
10575 80640
10576 80640
10577 80640
10578 80640
10579 80640
10580 80640
10581 80640
10582 80640
10583 80640
10584 80640
10585 80640
10586 80640
10587 80640
10588 80640
10589 80640
10590 80640
10591 80640
10592 80640
10593 80640
10594 80640
10595 80640
10596 80640
10597 80640
10598 80640
10599 80640
10600 80640
10601 80640
10602 80640
10603 80640
10604 80640
10605 80640
10606 80640
10607 80640
10608 80640
10609 80640
10610 80640
10611 80640
10612 80640
10613 80640
10614 80640
10615 80640
10616 80640
10617 80640
10618 80640
10619 80640
10620 80640
10621 80640
10622 80640
10623 80640
10624 80640
10625 80640
10626 80640
10627 80640
10628 80640
10629 80640
10630 80640
10631 80640
10632 80640
10633 80640
10634 80640
10635 0
