17605 2520 17645
17608 2520 17656
17611 2520 17656
17611 2520 17759
17611 2520 17758
17614 5040 17665
17614 2520 17660
17617 5040 17709
17617 5040 17793
17620 5040 17712
17620 10080 17698
17620 2520 17770
17623 2520 17670
17660 40320 17731
17665 2520 17713
17665 2520 17806
17670 2520 17716
17698 2520 17761
17699 2520 17757
17709 7717 17780
17716 10080 17779
17731 10080 17794
17732 2520 17781
17732 2520 17784
17732 10080 17793
17758 20160 17852
17761 5040 17813
17779 5040 17966
17779 2520 17833
17779 2520 17833
17780 7717 17851
17781 5040 17872
17793 7717 17875
17793 2520 17841
17794 10080 17856
17814 12757 17935
17814 2520 17858
17833 2520 17893
17841 5040 17894
17852 20160 17911
17856 10080 17918
17856 2520 17905
17856 2520 17907
17858 5040 17949
17872 2520 17904
17875 5040 18067
17875 5040 17943
17893 2520 18051
17894 2520 17944
17908 7717 17981
17897 2520 17949
17911 10080 17974
17912 7717 17984
17912 2520 18070
17918 2520 18051
17918 2520 17955
17943 20160 17991
17949 10080 18006
17950 2520 17999
17955 2520 17991
17966 2520 18014
17966 2520 18119
17984 20160 18032
18006 40320 18082
18007 2520 18062
18014 2520 18059
18033 2520 18170
18033 10080 18175
18033 5040 18092
18059 10080 18121
18067 5040 18255
18083 5040 18138
18083 10080 18151
18064 2520 18114
18083 10080 18239
18083 10080 18146
18083 2520 18141
18084 2520 18133
18121 20160 18212
18121 2520 18166
18141 10080 18282
18146 10080 18207
18151 2520 18292
18151 2520 18199
18176 10080 18236
18164 2520 18219
18165 2520 18219
18207 7717 18278
18197 2520 18237
18212 10080 18275
18212 10080 18283
18236 12757 18361
18237 10080 18306
18239 10080 18312
18255 2520 18389
18255 2520 18304
18275 2520 18322
18276 2520 18422
18306 40320 18395
18300 2520 18454
18313 5040 18401
18301 2520 18356
18322 10080 18397
18362 10080 18506
18362 5040 18422
18396 5040 18589
18369 2520 18423
18396 2520 18455
18396 10080 18458
18396 10080 18538
18396 2520 18449
18396 5040 18496
18401 20160 18466
18401 2520 18457
18423 10080 18490
18457 10080 18524
18458 10080 18517
18467 2520 18518
18467 2520 18518
18467 10080 18540
18467 2520 18532
18467 2520 18524
18490 5040 18580
18496 10080 18569
18506 5040 18584
18506 2520 18546
18506 2520 18646
18517 5040 18598
18517 2520 18651
18524 10080 18589
18524 10080 18590
18540 20160 18600
18540 2520 18586
18546 2520 18687
18569 5040 18667
18569 2520 18709
18580 5040 18759
18584 5040 18672
18589 10080 18655
18587 2520 18742
18590 2520 18639
18590 10080 18654
18590 2520 18640
18591 2520 18639
18600 7717 18672
18600 5040 18769
18601 2520 18752
18601 2520 18656
18601 5040 18705
18646 10080 18708
18654 5040 18745
18654 2520 18793
18654 2520 18717
18654 2520 18705
18656 2520 18705
18672 20160 18728
18673 10080 18742
18705 5040 18794
18705 2520 18752
18717 20160 18772
18729 10080 18868
18729 7717 18811
18743 7717 18814
18772 40320 18860
18773 5040 18831
18811 10080 18887
18814 5040 18867
18831 10080 18893
18804 2520 18847
18860 20160 18913
18861 2520 18998
18861 2520 18913
18861 2520 18913
18861 12757 18997
18861 2520 18913
18869 12757 18991
18913 40320 18998
18914 2520 18972
18914 2520 18967
18914 5040 19013
18967 2520 19013
18973 2520 19027
18991 12757 19112
18999 20160 19095
18999 5040 19090
18999 2520 19046
18999 10080 19057
18999 5040 19090
19000 5040 19184
19046 20160 19108
19057 7717 19120
19057 2520 19100
19090 10080 19153
19095 7717 19176
19095 5040 19175
19095 2520 19155
19095 5040 19199
19100 2520 19141
19108 2520 19244
19112 20160 19160
19113 2520 19154
19113 7717 19191
19120 2520 19158
19120 2520 19160
19155 20160 19203
19161 20160 19211
19161 2520 19199
19176 10080 19250
19176 5040 19260
19200 20160 19255
19203 7717 19270
19204 2520 19345
19250 40320 19325
19256 5040 19334
19256 5040 19345
19270 20160 19327
19326 20160 19377
19326 7717 19409
19276 2520 19317
19276 2520 19317
19276 2520 19409
19326 2520 19369
19326 10080 19388
19327 12757 19457
19327 7717 19399
19334 5040 19507
19345 5040 19445
19346 5040 19446
19507 80640 19584
19585 80640 19661
