106330 2520 106372
106391 20160 106440
106391 2520 106532
106391 2520 106441
106392 2520 106426
106424 12757 106545
106399 2520 106438
106440 12757 106562
106545 40320 106639
106436 2520 106474
106436 2520 106477
106538 5040 106620
106471 2520 106515
106472 2520 106507
106562 12757 106683
106640 20160 106724
106638 5040 106721
106640 2520 106679
106640 10080 106714
106640 5040 106743
106679 5040 106850
106714 20160 106773
106721 7717 106790
106725 2520 106763
106725 10080 106786
106725 7717 106796
106744 5040 106838
106764 2520 106812
106773 5040 106870
106773 2520 106825
106773 2520 106904
106787 20160 106834
106791 2520 106834
106796 7717 106867
106796 2520 106837
106796 2520 106845
106835 20160 106888
106850 20160 106910
106850 2520 106892
106870 10080 106933
106888 5040 106979
106892 20160 106939
106910 7717 106977
106910 2520 107058
106939 40320 107015
106977 5040 107062
106977 5040 107068
107015 20160 107068
107016 20160 107077
107062 7717 107127
107047 2520 107085
107062 2520 107107
107068 2520 107212
107068 2520 107115
107069 10080 107130
107078 12757 107213
107078 7717 107152
107078 5040 107255
107078 5040 107184
107107 5040 107187

17605 2520 17645
17608 2520 17656
17611 2520 17656
17611 2520 17759
17611 2520 17758
17614 5040 17665
17614 2520 17660
17617 5040 17709
17617 5040 17793
17620 5040 17712
17620 10080 17698
17620 2520 17770
17623 2520 17670
17660 40320 17731
17665 2520 17713
17665 2520 17806
17670 2520 17716
17698 2520 17761
17699 2520 17757
17709 7717 17780
17716 10080 17779
17731 10080 17794
17732 2520 17781
17732 2520 17784
17732 10080 17793
17758 20160 17852
17761 5040 17813
17779 5040 17966
17779 2520 17833
17779 2520 17833
17780 7717 17851
17781 5040 17872
17793 7717 17875
17793 2520 17841
17794 10080 17856
17814 12757 17935
17814 2520 17858
17833 2520 17893
17841 5040 17894
17852 20160 17911
17856 10080 17918
17856 2520 17905
17856 2520 17907
17858 5040 17949
17872 2520 17904
17875 5040 18067
17875 5040 17943
17893 2520 18051
17894 2520 17944
17908 7717 17981
17897 2520 17949
17911 10080 17974
17912 7717 17984
17912 2520 18070
17918 2520 18051
17918 2520 17955
17943 20160 17991
17949 10080 18006
17950 2520 17999
17955 2520 17991
17966 2520 18014
17966 2520 18119
17984 20160 18032
18006 40320 18082
18007 2520 18062
18014 2520 18059
18033 2520 18170
18033 10080 18175
18033 5040 18092
18059 10080 18121
18067 5040 18255
18083 5040 18138
18083 10080 18151
18064 2520 18114
18083 10080 18239
18083 10080 18146
18083 2520 18141
18084 2520 18133
18121 20160 18212
18121 2520 18166
18141 10080 18282
18146 10080 18207
18151 2520 18292
18151 2520 18199
18176 10080 18236
18164 2520 18219
18165 2520 18219
18207 7717 18278
18197 2520 18237
18212 10080 18275
18212 10080 18283
18236 12757 18361
18237 10080 18306
18239 10080 18312
18255 2520 18389
18255 2520 18304
18275 2520 18322
18276 2520 18422
18306 40320 18395
18300 2520 18454
18313 5040 18401
18301 2520 18356
18322 10080 18397
18362 10080 18506
18362 5040 18422
18396 5040 18589
18369 2520 18423
18396 2520 18455
18396 10080 18458
18396 10080 18538
18396 2520 18449
18396 5040 18496
18401 20160 18466
18401 2520 18457
18423 10080 18490
18457 10080 18524
18458 10080 18517
18467 2520 18518
18467 2520 18518
18467 10080 18540
18467 2520 18532
18467 2520 18524
18490 5040 18580
18496 10080 18569
18506 5040 18584
18506 2520 18546
18506 2520 18646
18517 5040 18598
18517 2520 18651
18524 10080 18589
18524 10080 18590
18540 20160 18600
18540 2520 18586
18546 2520 18687
18569 5040 18667
18569 2520 18709
18580 5040 18759
18584 5040 18672
18589 10080 18655
18587 2520 18742
18590 2520 18639
18590 10080 18654
18590 2520 18640
18591 2520 18639
18600 7717 18672
18600 5040 18769
18601 2520 18752
18601 2520 18656
18601 5040 18705
18646 10080 18708
18654 5040 18745
18654 2520 18793
18654 2520 18717
18654 2520 18705
18656 2520 18705
18672 20160 18728
18673 10080 18742
18705 5040 18794
18705 2520 18752
18717 20160 18772
18729 10080 18868
18729 7717 18811
18743 7717 18814
18772 40320 18860
18773 5040 18831
18811 10080 18887
18814 5040 18867
18831 10080 18893
18804 2520 18847
18860 20160 18913
18861 2520 18998
18861 2520 18913
18861 2520 18913
18861 12757 18997
18861 2520 18913
18869 12757 18991
18913 40320 18998
18914 2520 18972
18914 2520 18967
18914 5040 19013
18967 2520 19013
18973 2520 19027
18991 12757 19112
18999 20160 19095
18999 5040 19090
18999 2520 19046
18999 10080 19057
18999 5040 19090
19000 5040 19184
19046 20160 19108
19057 7717 19120
19057 2520 19100
19090 10080 19153
19095 7717 19176
19095 5040 19175
19095 2520 19155
19095 5040 19199
19100 2520 19141
19108 2520 19244
19112 20160 19160
19113 2520 19154
19113 7717 19191
19120 2520 19158
19120 2520 19160
19155 20160 19203
19161 20160 19211
19161 2520 19199
19176 10080 19250
19176 5040 19260
19200 20160 19255
19203 7717 19270
19204 2520 19345
19250 40320 19325
19256 5040 19334
19256 5040 19345
19270 20160 19327
19326 20160 19377
19326 7717 19409
19276 2520 19317
19276 2520 19317
19276 2520 19409
19326 2520 19369
19326 10080 19388
19327 12757 19457
19327 7717 19399
19334 5040 19507
19345 5040 19445
19346 5040 19446
19507 80640 19584
19585 80640 19661
21335 2520 21373
21338 2520 21389
21338 2520 21389
21341 2520 21488
21341 2520 21488
21341 5040 21392
21344 2520 21389
21344 5040 21433
21347 5040 21531
21350 5040 21444
21350 10080 21426
21350 2520 21499
21353 2520 21400
21389 40320 21454
21392 2520 21442
21392 2520 21538
21400 2520 21445
21426 2520 21490
21426 2520 21486
21433 7717 21502
21445 10080 21504
21454 10080 21514
21454 2520 21500
21454 2520 21506
21454 10080 21516
21488 20160 21587
21490 5040 21544
21500 5040 21670
21502 2520 21550
21502 2520 21539
21504 7717 21584
21504 5040 21591
21514 7717 21584
21512 2520 21563
21516 10080 21578
21539 12757 21664
21544 2520 21583
21544 2520 21583
21563 5040 21622
21584 20160 21636
21584 10080 21646
21587 2520 21628
21587 2520 21637
21588 5040 21669
21588 2520 21640
21588 5040 21773
21591 5040 21647
21591 2520 21720
21622 2520 21666
21636 7717 21709
21636 2520 21702
21636 10080 21709
21637 7717 21709
21640 2520 21777
21646 2520 21779
21646 2520 21693
21664 20160 21716
21670 10080 21721
21670 2520 21710
21670 2520 21710
21693 2520 21729
21702 2520 21844
21709 20160 21769
21721 40320 21793
21721 2520 21770
21721 2520 21773
21729 2520 21867
21769 10080 21923
21769 5040 21818
21777 10080 21839
21771 5040 21955
21793 5040 21846
21793 10080 21850
21771 2520 21834
21793 10080 21935
21793 10080 21855
21793 2520 21848
21793 2520 21844
21839 20160 21926
21844 2520 21896
21848 10080 21988
21850 10080 21911
21855 2520 21989
21855 2520 21892
21892 10080 21953
21896 2520 21945
21911 2520 21961
21923 7717 22001
21923 2520 21961
21926 10080 21987
21926 10080 21992
21935 12757 22067
21953 10080 22014
21955 10080 22032
21961 2520 22095
21961 2520 22006
21987 2520 22028
21987 2520 22135
22014 40320 22107
21997 2520 22134
22014 5040 22101
22028 2520 22070
22032 10080 22106
22067 10080 22216
22067 5040 22117
22095 5040 22279
22101 2520 22151
22101 2520 22155
22106 10080 22178
22108 10080 22252
22108 2520 22172
22108 5040 22196
22108 20160 22158
22109 2520 22172
22135 10080 22204
22158 10080 22219
22158 10080 22223
22158 2520 22215
22158 2520 22203
22180 10080 22251
22180 2520 22223
22180 2520 22243
22196 5040 22284
22204 10080 22267
22215 5040 22311
22216 2520 22259
22216 2520 22360
22216 5040 22312
22219 2520 22354
22223 10080 22285
22224 10080 22286
22252 20160 22310
22252 2520 22288
22260 2520 22409
22267 5040 22359
22267 2520 22411
22279 5040 22463
22284 5040 22369
22286 10080 22348
22286 2520 22425
22286 2520 22336
22289 10080 22353
22310 2520 22350
22310 2520 22348
22311 7717 22388
22311 5040 22504
22311 2520 22460
22311 2520 22360
22312 5040 22403
22348 10080 22409
22348 5040 22438
22350 2520 22495
22353 2520 22401
22353 2520 22405
22353 2520 22406
