1 0
2 0
3 0
4 0
5 0
6 0
7 0
8 0
9 0
10 0
11 0
12 0
13 0
14 0
15 0
16 0
17 0
18 0
19 0
20 0
21 0
22 0
23 0
24 0
25 0
26 0
27 0
28 0
29 0
30 0
31 0
32 0
33 0
34 0
35 0
36 0
37 0
38 0
39 0
40 0
41 0
42 0
43 0
44 0
45 0
46 0
47 0
48 0
49 0
50 0
51 0
52 0
53 0
54 0
55 0
56 0
57 0
58 0
59 0
60 0
61 0
62 0
63 0
64 0
65 0
66 0
67 0
68 0
69 0
70 0
71 0
72 0
73 0
74 0
75 0
76 0
77 0
78 0
79 0
80 0
81 0
82 0
83 0
84 0
85 0
86 0
87 0
88 0
89 0
90 0
91 0
92 0
93 0
94 0
95 0
96 0
97 0
98 0
99 0
100 0
101 0
102 0
17605 2520
17606 2520
17607 2520
17608 5040
17609 5040
17610 5040
17611 12600
17612 12600
17613 12600
17614 20160
17615 20160
17616 20160
17617 30240
17618 30240
17619 30240
17620 47880
17621 47880
17622 47880
17623 50400
17624 50400
17625 50400
17626 50400
17627 50400
17628 50400
17629 50400
17630 50400
17631 50400
17632 50400
17633 50400
17634 50400
17635 50400
17636 50400
17637 50400
17638 50400
17639 50400
17640 50400
17641 50400
17642 50400
17643 50400
17644 50400
17645 47880
17646 47880
17647 47880
17648 47880
17649 47880
17650 47880
17651 47880
17652 47880
17653 47880
17654 47880
17655 47880
17656 42840
17657 42840
17658 42840
17659 42840
17660 80640
17661 80640
17662 80640
17663 80640
17664 80640
17665 80640
17666 80640
17667 80640
17668 80640
17669 80640
17670 80640
17671 80640
17672 80640
17673 80640
17674 80640
17675 80640
17676 80640
17677 80640
17678 80640
17679 80640
17680 80640
17681 80640
17682 80640
17683 80640
17684 80640
17685 80640
17686 80640
17687 80640
17688 80640
17689 80640
17690 80640
17691 80640
17692 80640
17693 80640
17694 80640
17695 80640
17696 80640
17697 80640
17698 73080
17699 75600
17700 75600
17701 75600
17702 75600
17703 75600
17704 75600
17705 75600
17706 75600
17707 75600
17708 75600
17709 78277
17710 78277
17711 78277
17712 73237
17713 70717
17714 70717
17715 70717
17716 78277
17717 78277
17718 78277
17719 78277
17720 78277
17721 78277
17722 78277
17723 78277
17724 78277
17725 78277
17726 78277
17727 78277
17728 78277
17729 78277
17730 78277
17731 48037
17732 63157
17733 63157
17734 63157
17735 63157
17736 63157
17737 63157
17738 63157
17739 63157
17740 63157
17741 63157
17742 63157
17743 63157
17744 63157
17745 63157
17746 63157
17747 63157
17748 63157
17749 63157
17750 63157
17751 63157
17752 63157
17753 63157
17754 63157
17755 63157
17756 63157
17757 60637
17758 78277
17759 75757
17760 75757
17761 78277
17762 78277
17763 78277
17764 78277
17765 78277
17766 78277
17767 78277
17768 78277
17769 78277
17770 75757
17771 75757
17772 75757
17773 75757
17774 75757
17775 75757
17776 75757
17777 75757
17778 75757
17779 75757
17780 75757
17781 78277
17782 78277
17783 78277
17784 75757
17785 75757
17786 75757
17787 75757
17788 75757
17789 75757
17790 75757
17791 75757
17792 75757
17793 70874
17794 70874
17795 70874
17796 70874
17797 70874
17798 70874
17799 70874
17800 70874
17801 70874
17802 70874
17803 70874
17804 70874
17805 70874
17806 68354
17807 68354
17808 68354
17809 68354
17810 68354
17811 68354
17812 68354
17813 63314
17814 78591
17815 78591
17816 78591
17817 78591
17818 78591
17819 78591
17820 78591
17821 78591
17822 78591
17823 78591
17824 78591
17825 78591
17826 78591
17827 78591
17828 78591
17829 78591
17830 78591
17831 78591
17832 78591
17833 76071
17834 76071
17835 76071
17836 76071
17837 76071
17838 76071
17839 76071
17840 76071
17841 78591
17842 78591
17843 78591
17844 78591
17845 78591
17846 78591
17847 78591
17848 78591
17849 78591
17850 78591
17851 70874
17852 70874
17853 70874
17854 70874
17855 70874
17856 75914
17857 75914
17858 78434
17859 78434
17860 78434
17861 78434
17862 78434
17863 78434
17864 78434
17865 78434
17866 78434
17867 78434
17868 78434
17869 78434
17870 78434
17871 78434
17872 75914
17873 75914
17874 75914
17875 78277
17876 78277
17877 78277
17878 78277
17879 78277
17880 78277
17881 78277
17882 78277
17883 78277
17884 78277
17885 78277
17886 78277
17887 78277
17888 78277
17889 78277
17890 78277
17891 78277
17892 78277
17893 78277
17894 75757
17895 75757
17896 75757
17897 78277
17898 78277
17899 78277
17900 78277
17901 78277
17902 78277
17903 78277
17904 75757
17905 73237
17906 73237
17907 70717
17908 78434
17909 78434
17910 78434
17911 68354
17912 78591
17913 78591
17914 78591
17915 78591
17916 78591
17917 78591
17918 73551
17919 73551
17920 73551
17921 73551
17922 73551
17923 73551
17924 73551
17925 73551
17926 73551
17927 73551
17928 73551
17929 73551
17930 73551
17931 73551
17932 73551
17933 73551
17934 73551
17935 60794
17936 60794
17937 60794
17938 60794
17939 60794
17940 60794
17941 60794
17942 60794
17943 75914
17944 73394
17945 73394
17946 73394
17947 73394
17948 73394
17949 75914
17950 78434
17951 78434
17952 78434
17953 78434
17954 78434
17955 78434
17956 78434
17957 78434
17958 78434
17959 78434
17960 78434
17961 78434
17962 78434
17963 78434
17964 78434
17965 78434
17966 78434
17967 78434
17968 78434
17969 78434
17970 78434
17971 78434
17972 78434
17973 78434
17974 68354
17975 68354
17976 68354
17977 68354
17978 68354
17979 68354
17980 68354
17981 60637
17982 60637
17983 60637
17984 73080
17985 73080
17986 73080
17987 73080
17988 73080
17989 73080
17990 73080
17991 50400
17992 50400
17993 50400
17994 50400
17995 50400
17996 50400
17997 50400
17998 50400
17999 47880
18000 47880
18001 47880
18002 47880
18003 47880
18004 47880
18005 47880
18006 78120
18007 80640
18008 80640
18009 80640
18010 80640
18011 80640
18012 80640
18013 80640
18014 80640
18015 80640
18016 80640
18017 80640
18018 80640
18019 80640
18020 80640
18021 80640
18022 80640
18023 80640
18024 80640
18025 80640
18026 80640
18027 80640
18028 80640
18029 80640
18030 80640
18031 80640
18032 60480
18033 78120
18034 78120
18035 78120
18036 78120
18037 78120
18038 78120
18039 78120
18040 78120
18041 78120
18042 78120
18043 78120
18044 78120
18045 78120
18046 78120
18047 78120
18048 78120
18049 78120
18050 78120
18051 73080
18052 73080
18053 73080
18054 73080
18055 73080
18056 73080
18057 73080
18058 73080
18059 80640
18060 80640
18061 80640
18062 78120
18063 78120
18064 80640
18065 80640
18066 80640
18067 80640
18068 80640
18069 80640
18070 78120
18071 78120
18072 78120
18073 78120
18074 78120
18075 78120
18076 78120
18077 78120
18078 78120
18079 78120
18080 78120
18081 78120
18082 37800
18083 75600
18084 78120
18085 78120
18086 78120
18087 78120
18088 78120
18089 78120
18090 78120
18091 78120
18092 73080
18093 73080
18094 73080
18095 73080
18096 73080
18097 73080
18098 73080
18099 73080
18100 73080
18101 73080
18102 73080
18103 73080
18104 73080
18105 73080
18106 73080
18107 73080
18108 73080
18109 73080
18110 73080
18111 73080
18112 73080
18113 73080
18114 70560
18115 70560
18116 70560
18117 70560
18118 70560
18119 68040
18120 68040
18121 80640
18122 80640
18123 80640
18124 80640
18125 80640
18126 80640
18127 80640
18128 80640
18129 80640
18130 80640
18131 80640
18132 80640
18133 78120
18134 78120
18135 78120
18136 78120
18137 78120
18138 73080
18139 73080
18140 73080
18141 80640
18142 80640
18143 80640
18144 80640
18145 80640
18146 80640
18147 80640
18148 80640
18149 80640
18150 80640
18151 75600
18152 75600
18153 75600
18154 75600
18155 75600
18156 75600
18157 75600
18158 75600
18159 75600
18160 75600
18161 75600
18162 75600
18163 75600
18164 78120
18165 80640
18166 78120
18167 78120
18168 78120
18169 78120
18170 75600
18171 75600
18172 75600
18173 75600
18174 75600
18175 65520
18176 75600
18177 75600
18178 75600
18179 75600
18180 75600
18181 75600
18182 75600
18183 75600
18184 75600
18185 75600
18186 75600
18187 75600
18188 75600
18189 75600
18190 75600
18191 75600
18192 75600
18193 75600
18194 75600
18195 75600
18196 75600
18197 78120
18198 78120
18199 75600
18200 75600
18201 75600
18202 75600
18203 75600
18204 75600
18205 75600
18206 75600
18207 73237
18208 73237
18209 73237
18210 73237
18211 73237
18212 73237
18213 73237
18214 73237
18215 73237
18216 73237
18217 73237
18218 73237
18219 68197
18220 68197
18221 68197
18222 68197
18223 68197
18224 68197
18225 68197
18226 68197
18227 68197
18228 68197
18229 68197
18230 68197
18231 68197
18232 68197
18233 68197
18234 68197
18235 68197
18236 70874
18237 78434
18238 78434
18239 78434
18240 78434
18241 78434
18242 78434
18243 78434
18244 78434
18245 78434
18246 78434
18247 78434
18248 78434
18249 78434
18250 78434
18251 78434
18252 78434
18253 78434
18254 78434
18255 78434
18256 78434
18257 78434
18258 78434
18259 78434
18260 78434
18261 78434
18262 78434
18263 78434
18264 78434
18265 78434
18266 78434
18267 78434
18268 78434
18269 78434
18270 78434
18271 78434
18272 78434
18273 78434
18274 78434
18275 70874
18276 73394
18277 73394
18278 65677
18279 65677
18280 65677
18281 65677
18282 55597
18283 45517
18284 45517
18285 45517
18286 45517
18287 45517
18288 45517
18289 45517
18290 45517
18291 45517
18292 42997
18293 42997
18294 42997
18295 42997
18296 42997
18297 42997
18298 42997
18299 42997
18300 45517
18301 48037
18302 48037
18303 48037
18304 45517
18305 45517
18306 75757
18307 75757
18308 75757
18309 75757
18310 75757
18311 75757
18312 65677
18313 70717
18314 70717
18315 70717
18316 70717
18317 70717
18318 70717
18319 70717
18320 70717
18321 70717
18322 78277
18323 78277
18324 78277
18325 78277
18326 78277
18327 78277
18328 78277
18329 78277
18330 78277
18331 78277
18332 78277
18333 78277
18334 78277
18335 78277
18336 78277
18337 78277
18338 78277
18339 78277
18340 78277
18341 78277
18342 78277
18343 78277
18344 78277
18345 78277
18346 78277
18347 78277
18348 78277
18349 78277
18350 78277
18351 78277
18352 78277
18353 78277
18354 78277
18355 78277
18356 75757
18357 75757
18358 75757
18359 75757
18360 75757
18361 63000
18362 78120
18363 78120
18364 78120
18365 78120
18366 78120
18367 78120
18368 78120
18369 80640
18370 80640
18371 80640
18372 80640
18373 80640
18374 80640
18375 80640
18376 80640
18377 80640
18378 80640
18379 80640
18380 80640
18381 80640
18382 80640
18383 80640
18384 80640
18385 80640
18386 80640
18387 80640
18388 80640
18389 78120
18390 78120
18391 78120
18392 78120
18393 78120
18394 78120
18395 37800
18396 73080
18397 63000
18398 63000
18399 63000
18400 63000
18401 80640
18402 80640
18403 80640
18404 80640
18405 80640
18406 80640
18407 80640
18408 80640
18409 80640
18410 80640
18411 80640
18412 80640
18413 80640
18414 80640
18415 80640
18416 80640
18417 80640
18418 80640
18419 80640
18420 80640
18421 80640
18422 73080
18423 80640
18424 80640
18425 80640
18426 80640
18427 80640
18428 80640
18429 80640
18430 80640
18431 80640
18432 80640
18433 80640
18434 80640
18435 80640
18436 80640
18437 80640
18438 80640
18439 80640
18440 80640
18441 80640
18442 80640
18443 80640
18444 80640
18445 80640
18446 80640
18447 80640
18448 80640
18449 78120
18450 78120
18451 78120
18452 78120
18453 78120
18454 75600
18455 73080
18456 73080
18457 80640
18458 80640
18459 80640
18460 80640
18461 80640
18462 80640
18463 80640
18464 80640
18465 80640
18466 60480
18467 80640
18468 80640
18469 80640
18470 80640
18471 80640
18472 80640
18473 80640
18474 80640
18475 80640
18476 80640
18477 80640
18478 80640
18479 80640
18480 80640
18481 80640
18482 80640
18483 80640
18484 80640
18485 80640
18486 80640
18487 80640
18488 80640
18489 80640
18490 75600
18491 75600
18492 75600
18493 75600
18494 75600
18495 75600
18496 80640
18497 80640
18498 80640
18499 80640
18500 80640
18501 80640
18502 80640
18503 80640
18504 80640
18505 80640
18506 80640
18507 80640
18508 80640
18509 80640
18510 80640
18511 80640
18512 80640
18513 80640
18514 80640
18515 80640
18516 80640
18517 78120
18518 73080
18519 73080
18520 73080
18521 73080
18522 73080
18523 73080
18524 80640
18525 80640
18526 80640
18527 80640
18528 80640
18529 80640
18530 80640
18531 80640
18532 78120
18533 78120
18534 78120
18535 78120
18536 78120
18537 78120
18538 68040
18539 68040
18540 80640
18541 80640
18542 80640
18543 80640
18544 80640
18545 80640
18546 80640
18547 80640
18548 80640
18549 80640
18550 80640
18551 80640
18552 80640
18553 80640
18554 80640
18555 80640
18556 80640
18557 80640
18558 80640
18559 80640
18560 80640
18561 80640
18562 80640
18563 80640
18564 80640
18565 80640
18566 80640
18567 80640
18568 80640
18569 78120
18570 78120
18571 78120
18572 78120
18573 78120
18574 78120
18575 78120
18576 78120
18577 78120
18578 78120
18579 78120
18580 78120
18581 78120
18582 78120
18583 78120
18584 78120
18585 78120
18586 75600
18587 78120
18588 78120
18589 73080
18590 78120
18591 80640
18592 80640
18593 80640
18594 80640
18595 80640
18596 80640
18597 80640
18598 75600
18599 75600
18600 68197
18601 78277
18602 78277
18603 78277
18604 78277
18605 78277
18606 78277
18607 78277
18608 78277
18609 78277
18610 78277
18611 78277
18612 78277
18613 78277
18614 78277
18615 78277
18616 78277
18617 78277
18618 78277
18619 78277
18620 78277
18621 78277
18622 78277
18623 78277
18624 78277
18625 78277
18626 78277
18627 78277
18628 78277
18629 78277
18630 78277
18631 78277
18632 78277
18633 78277
18634 78277
18635 78277
18636 78277
18637 78277
18638 78277
18639 73237
18640 70717
18641 70717
18642 70717
18643 70717
18644 70717
18645 70717
18646 78277
18647 78277
18648 78277
18649 78277
18650 78277
18651 75757
18652 75757
18653 75757
18654 78277
18655 68197
18656 68197
18657 68197
18658 68197
18659 68197
18660 68197
18661 68197
18662 68197
18663 68197
18664 68197
18665 68197
18666 68197
18667 63157
18668 63157
18669 63157
18670 63157
18671 63157
18672 70560
18673 80640
18674 80640
18675 80640
18676 80640
18677 80640
18678 80640
18679 80640
18680 80640
18681 80640
18682 80640
18683 80640
18684 80640
18685 80640
18686 80640
18687 78120
18688 78120
18689 78120
18690 78120
18691 78120
18692 78120
18693 78120
18694 78120
18695 78120
18696 78120
18697 78120
18698 78120
18699 78120
18700 78120
18701 78120
18702 78120
18703 78120
18704 78120
18705 75600
18706 75600
18707 75600
18708 65520
18709 63000
18710 63000
18711 63000
18712 63000
18713 63000
18714 63000
18715 63000
18716 63000
18717 80640
18718 80640
18719 80640
18720 80640
18721 80640
18722 80640
18723 80640
18724 80640
18725 80640
18726 80640
18727 80640
18728 60480
18729 78277
18730 78277
18731 78277
18732 78277
18733 78277
18734 78277
18735 78277
18736 78277
18737 78277
18738 78277
18739 78277
18740 78277
18741 78277
18742 65677
18743 73394
18744 73394
18745 68354
18746 68354
18747 68354
18748 68354
18749 68354
18750 68354
18751 68354
18752 63314
18753 63314
18754 63314
18755 63314
18756 63314
18757 63314
18758 63314
18759 58274
18760 58274
18761 58274
18762 58274
18763 58274
18764 58274
18765 58274
18766 58274
18767 58274
18768 58274
18769 53234
18770 53234
18771 53234
18772 73394
18773 78434
18774 78434
18775 78434
18776 78434
18777 78434
18778 78434
18779 78434
18780 78434
18781 78434
18782 78434
18783 78434
18784 78434
18785 78434
18786 78434
18787 78434
18788 78434
18789 78434
18790 78434
18791 78434
18792 78434
18793 75914
18794 70874
18795 70874
18796 70874
18797 70874
18798 70874
18799 70874
18800 70874
18801 70874
18802 70874
18803 70874
18804 73394
18805 73394
18806 73394
18807 73394
18808 73394
18809 73394
18810 73394
18811 75757
18812 75757
18813 75757
18814 73080
18815 73080
18816 73080
18817 73080
18818 73080
18819 73080
18820 73080
18821 73080
18822 73080
18823 73080
18824 73080
18825 73080
18826 73080
18827 73080
18828 73080
18829 73080
18830 73080
18831 78120
18832 78120
18833 78120
18834 78120
18835 78120
18836 78120
18837 78120
18838 78120
18839 78120
18840 78120
18841 78120
18842 78120
18843 78120
18844 78120
18845 78120
18846 78120
18847 75600
18848 75600
18849 75600
18850 75600
18851 75600
18852 75600
18853 75600
18854 75600
18855 75600
18856 75600
18857 75600
18858 75600
18859 75600
18860 55440
18861 78277
18862 78277
18863 78277
18864 78277
18865 78277
18866 78277
18867 73237
18868 63157
18869 75914
18870 75914
18871 75914
18872 75914
18873 75914
18874 75914
18875 75914
18876 75914
18877 75914
18878 75914
18879 75914
18880 75914
18881 75914
18882 75914
18883 75914
18884 75914
18885 75914
18886 75914
18887 65834
18888 65834
18889 65834
18890 65834
18891 65834
18892 65834
18893 55754
18894 55754
18895 55754
18896 55754
18897 55754
18898 55754
18899 55754
18900 55754
18901 55754
18902 55754
18903 55754
18904 55754
18905 55754
18906 55754
18907 55754
18908 55754
18909 55754
18910 55754
18911 55754
18912 55754
18913 68354
18914 78434
18915 78434
18916 78434
18917 78434
18918 78434
18919 78434
18920 78434
18921 78434
18922 78434
18923 78434
18924 78434
18925 78434
18926 78434
18927 78434
18928 78434
18929 78434
18930 78434
18931 78434
18932 78434
18933 78434
18934 78434
18935 78434
18936 78434
18937 78434
18938 78434
18939 78434
18940 78434
18941 78434
18942 78434
18943 78434
18944 78434
18945 78434
18946 78434
18947 78434
18948 78434
18949 78434
18950 78434
18951 78434
18952 78434
18953 78434
18954 78434
18955 78434
18956 78434
18957 78434
18958 78434
18959 78434
18960 78434
18961 78434
18962 78434
18963 78434
18964 78434
18965 78434
18966 78434
18967 78434
18968 78434
18969 78434
18970 78434
18971 78434
18972 75914
18973 78434
18974 78434
18975 78434
18976 78434
18977 78434
18978 78434
18979 78434
18980 78434
18981 78434
18982 78434
18983 78434
18984 78434
18985 78434
18986 78434
18987 78434
18988 78434
18989 78434
18990 78434
18991 78434
18992 78434
18993 78434
18994 78434
18995 78434
18996 78434
18997 65677
18998 22837
18999 65677
19000 70717
19001 70717
19002 70717
19003 70717
19004 70717
19005 70717
19006 70717
19007 70717
19008 70717
19009 70717
19010 70717
19011 70717
19012 70717
19013 63157
19014 63157
19015 63157
19016 63157
19017 63157
19018 63157
19019 63157
19020 63157
19021 63157
19022 63157
19023 63157
19024 63157
19025 63157
19026 63157
19027 60637
19028 60637
19029 60637
19030 60637
19031 60637
19032 60637
19033 60637
19034 60637
19035 60637
19036 60637
19037 60637
19038 60637
19039 60637
19040 60637
19041 60637
19042 60637
19043 60637
19044 60637
19045 60637
19046 78277
19047 78277
19048 78277
19049 78277
19050 78277
19051 78277
19052 78277
19053 78277
19054 78277
19055 78277
19056 78277
19057 78434
19058 78434
19059 78434
19060 78434
19061 78434
19062 78434
19063 78434
19064 78434
19065 78434
19066 78434
19067 78434
19068 78434
19069 78434
19070 78434
19071 78434
19072 78434
19073 78434
19074 78434
19075 78434
19076 78434
19077 78434
19078 78434
19079 78434
19080 78434
19081 78434
19082 78434
19083 78434
19084 78434
19085 78434
19086 78434
19087 78434
19088 78434
19089 78434
19090 78434
19091 78434
19092 78434
19093 78434
19094 78434
19095 78591
19096 78591
19097 78591
19098 78591
19099 78591
19100 78591
19101 78591
19102 78591
19103 78591
19104 78591
19105 78591
19106 78591
19107 78591
19108 60951
19109 60951
19110 60951
19111 60951
19112 68354
19113 78591
19114 78591
19115 78591
19116 78591
19117 78591
19118 78591
19119 78591
19120 75914
19121 75914
19122 75914
19123 75914
19124 75914
19125 75914
19126 75914
19127 75914
19128 75914
19129 75914
19130 75914
19131 75914
19132 75914
19133 75914
19134 75914
19135 75914
19136 75914
19137 75914
19138 75914
19139 75914
19140 75914
19141 73394
19142 73394
19143 73394
19144 73394
19145 73394
19146 73394
19147 73394
19148 73394
19149 73394
19150 73394
19151 73394
19152 73394
19153 63314
19154 60794
19155 78434
19156 78434
19157 78434
19158 75914
19159 75914
19160 53234
19161 75914
19162 75914
19163 75914
19164 75914
19165 75914
19166 75914
19167 75914
19168 75914
19169 75914
19170 75914
19171 75914
19172 75914
19173 75914
19174 75914
19175 70874
19176 78277
19177 78277
19178 78277
19179 78277
19180 78277
19181 78277
19182 78277
19183 78277
19184 73237
19185 73237
19186 73237
19187 73237
19188 73237
19189 73237
19190 73237
19191 65520
19192 65520
19193 65520
19194 65520
19195 65520
19196 65520
19197 65520
19198 65520
19199 57960
19200 78120
19201 78120
19202 78120
19203 65677
19204 68197
19205 68197
19206 68197
19207 68197
19208 68197
19209 68197
19210 68197
19211 48037
19212 48037
19213 48037
19214 48037
19215 48037
19216 48037
19217 48037
19218 48037
19219 48037
19220 48037
19221 48037
19222 48037
19223 48037
19224 48037
19225 48037
19226 48037
19227 48037
19228 48037
19229 48037
19230 48037
19231 48037
19232 48037
19233 48037
19234 48037
19235 48037
19236 48037
19237 48037
19238 48037
19239 48037
19240 48037
19241 48037
19242 48037
19243 48037
19244 45517
19245 45517
19246 45517
19247 45517
19248 45517
19249 45517
19250 75757
19251 75757
19252 75757
19253 75757
19254 75757
19255 55597
19256 65677
19257 65677
19258 65677
19259 65677
19260 60637
19261 60637
19262 60637
19263 60637
19264 60637
19265 60637
19266 60637
19267 60637
19268 60637
19269 60637
19270 73080
19271 73080
19272 73080
19273 73080
19274 73080
19275 73080
19276 80640
19277 80640
19278 80640
19279 80640
19280 80640
19281 80640
19282 80640
19283 80640
19284 80640
19285 80640
19286 80640
19287 80640
19288 80640
19289 80640
19290 80640
19291 80640
19292 80640
19293 80640
19294 80640
19295 80640
19296 80640
19297 80640
19298 80640
19299 80640
19300 80640
19301 80640
19302 80640
19303 80640
19304 80640
19305 80640
19306 80640
19307 80640
19308 80640
19309 80640
19310 80640
19311 80640
19312 80640
19313 80640
19314 80640
19315 80640
19316 80640
19317 75600
19318 75600
19319 75600
19320 75600
19321 75600
19322 75600
19323 75600
19324 75600
19325 35280
19326 75757
19327 76071
19328 76071
19329 76071
19330 76071
19331 76071
19332 76071
19333 76071
19334 76071
19335 76071
19336 76071
19337 76071
19338 76071
19339 76071
19340 76071
19341 76071
19342 76071
19343 76071
19344 76071
19345 73551
19346 78591
19347 78591
19348 78591
19349 78591
19350 78591
19351 78591
19352 78591
19353 78591
19354 78591
19355 78591
19356 78591
19357 78591
19358 78591
19359 78591
19360 78591
19361 78591
19362 78591
19363 78591
19364 78591
19365 78591
19366 78591
19367 78591
19368 78591
19369 76071
19370 76071
19371 76071
19372 76071
19373 76071
19374 76071
19375 76071
19376 76071
19377 55911
19378 55911
19379 55911
19380 55911
19381 55911
19382 55911
19383 55911
19384 55911
19385 55911
19386 55911
19387 55911
19388 45831
19389 45831
19390 45831
19391 45831
19392 45831
19393 45831
19394 45831
19395 45831
19396 45831
19397 45831
19398 45831
19399 38114
19400 38114
19401 38114
19402 38114
19403 38114
19404 38114
19405 38114
19406 38114
19407 38114
19408 38114
19409 27877
19410 27877
19411 27877
19412 27877
19413 27877
19414 27877
19415 27877
19416 27877
19417 27877
19418 27877
19419 27877
19420 27877
19421 27877
19422 27877
19423 27877
19424 27877
19425 27877
19426 27877
19427 27877
19428 27877
19429 27877
19430 27877
19431 27877
19432 27877
19433 27877
19434 27877
19435 27877
19436 27877
19437 27877
19438 27877
19439 27877
19440 27877
19441 27877
19442 27877
19443 27877
19444 27877
19445 22837
19446 17797
19447 17797
19448 17797
19449 17797
19450 17797
19451 17797
19452 17797
19453 17797
19454 17797
19455 17797
19456 17797
19457 5040
19458 5040
19459 5040
19460 5040
19461 5040
19462 5040
19463 5040
19464 5040
19465 5040
19466 5040
19467 5040
19468 5040
19469 5040
19470 5040
19471 5040
19472 5040
19473 5040
19474 5040
19475 5040
19476 5040
19477 5040
19478 5040
19479 5040
19480 5040
19481 5040
19482 5040
19483 5040
19484 5040
19485 5040
19486 5040
19487 5040
19488 5040
19489 5040
19490 5040
19491 5040
19492 5040
19493 5040
19494 5040
19495 5040
19496 5040
19497 5040
19498 5040
19499 5040
19500 5040
19501 5040
19502 5040
19503 5040
19504 5040
19505 5040
19506 5040
19507 80640
19508 80640
19509 80640
19510 80640
19511 80640
19512 80640
19513 80640
19514 80640
19515 80640
19516 80640
19517 80640
19518 80640
19519 80640
19520 80640
19521 80640
19522 80640
19523 80640
19524 80640
19525 80640
19526 80640
19527 80640
19528 80640
19529 80640
19530 80640
19531 80640
19532 80640
19533 80640
19534 80640
19535 80640
19536 80640
19537 80640
19538 80640
19539 80640
19540 80640
19541 80640
19542 80640
19543 80640
19544 80640
19545 80640
19546 80640
19547 80640
19548 80640
19549 80640
19550 80640
19551 80640
19552 80640
19553 80640
19554 80640
19555 80640
19556 80640
19557 80640
19558 80640
19559 80640
19560 80640
19561 80640
19562 80640
19563 80640
19564 80640
19565 80640
19566 80640
19567 80640
19568 80640
19569 80640
19570 80640
19571 80640
19572 80640
19573 80640
19574 80640
19575 80640
19576 80640
19577 80640
19578 80640
19579 80640
19580 80640
19581 80640
19582 80640
19583 80640
19584 0
19585 80640
19586 80640
19587 80640
19588 80640
19589 80640
19590 80640
19591 80640
19592 80640
19593 80640
19594 80640
19595 80640
19596 80640
19597 80640
19598 80640
19599 80640
19600 80640
19601 80640
19602 80640
19603 80640
19604 80640
19605 80640
19606 80640
19607 80640
19608 80640
19609 80640
19610 80640
19611 80640
19612 80640
19613 80640
19614 80640
19615 80640
19616 80640
19617 80640
19618 80640
19619 80640
19620 80640
19621 80640
19622 80640
19623 80640
19624 80640
19625 80640
19626 80640
19627 80640
19628 80640
19629 80640
19630 80640
19631 80640
19632 80640
19633 80640
19634 80640
19635 80640
19636 80640
19637 80640
19638 80640
19639 80640
19640 80640
19641 80640
19642 80640
19643 80640
19644 80640
19645 80640
19646 80640
19647 80640
19648 80640
19649 80640
19650 80640
19651 80640
19652 80640
19653 80640
19654 80640
19655 80640
19656 80640
19657 80640
19658 80640
19659 80640
19660 80640
19661 0
