21335 2520 21373
21338 2520 21389
21338 2520 21389
21341 2520 21488
21341 2520 21488
21341 5040 21392
21344 2520 21389
21344 5040 21433
21347 5040 21531
21350 5040 21444
21350 10080 21426
21350 2520 21499
21353 2520 21400
21389 40320 21454
21392 2520 21442
21392 2520 21538
21400 2520 21445
21426 2520 21490
21426 2520 21486
21433 7717 21502
21445 10080 21504
21454 10080 21514
21454 2520 21500
21454 2520 21506
21454 10080 21516
21488 20160 21587
21490 5040 21544
21500 5040 21670
21502 2520 21550
21502 2520 21539
21504 7717 21584
21504 5040 21591
21514 7717 21584
21512 2520 21563
21516 10080 21578
21539 12757 21664
21544 2520 21583
21544 2520 21583
21563 5040 21622
21584 20160 21636
21584 10080 21646
21587 2520 21628
21587 2520 21637
21588 5040 21669
21588 2520 21640
21588 5040 21773
21591 5040 21647
21591 2520 21720
21622 2520 21666
21636 7717 21709
21636 2520 21702
21636 10080 21709
21637 7717 21709
21640 2520 21777
21646 2520 21779
21646 2520 21693
21664 20160 21716
21670 10080 21721
21670 2520 21710
21670 2520 21710
21693 2520 21729
21702 2520 21844
21709 20160 21769
21721 40320 21793
21721 2520 21770
21721 2520 21773
21729 2520 21867
21769 10080 21923
21769 5040 21818
21777 10080 21839
21771 5040 21955
21793 5040 21846
21793 10080 21850
21771 2520 21834
21793 10080 21935
21793 10080 21855
21793 2520 21848
21793 2520 21844
21839 20160 21926
21844 2520 21896
21848 10080 21988
21850 10080 21911
21855 2520 21989
21855 2520 21892
21892 10080 21953
21896 2520 21945
21911 2520 21961
21923 7717 22001
21923 2520 21961
21926 10080 21987
21926 10080 21992
21935 12757 22067
21953 10080 22014
21955 10080 22032
21961 2520 22095
21961 2520 22006
21987 2520 22028
21987 2520 22135
22014 40320 22107
21997 2520 22134
22014 5040 22101
22028 2520 22070
22032 10080 22106
22067 10080 22216
22067 5040 22117
22095 5040 22279
22101 2520 22151
22101 2520 22155
22106 10080 22178
22108 10080 22252
22108 2520 22172
22108 5040 22196
22108 20160 22158
22109 2520 22172
22135 10080 22204
22158 10080 22219
22158 10080 22223
22158 2520 22215
22158 2520 22203
22180 10080 22251
22180 2520 22223
22180 2520 22243
22196 5040 22284
22204 10080 22267
22215 5040 22311
22216 2520 22259
22216 2520 22360
22216 5040 22312
22219 2520 22354
22223 10080 22285
22224 10080 22286
22252 20160 22310
22252 2520 22288
22260 2520 22409
22267 5040 22359
22267 2520 22411
22279 5040 22463
22284 5040 22369
22286 10080 22348
22286 2520 22425
22286 2520 22336
22289 10080 22353
22310 2520 22350
22310 2520 22348
22311 7717 22388
22311 5040 22504
22311 2520 22460
22311 2520 22360
22312 5040 22403
22348 10080 22409
22348 5040 22438
22350 2520 22495
22353 2520 22401
22353 2520 22405
22353 2520 22406
22369 20160 22425
22388 10080 22458
22403 5040 22490
22403 2520 22446
22411 20160 22460
22426 10080 22564
22426 7717 22504
22438 7717 22500
22463 40320 22556
22490 5040 22549
22500 10080 22560
22504 5040 22550
22504 10080 22569
22549 2520 22595
22557 20160 22607
22557 2520 22696
22557 2520 22605
22557 2520 22595
22557 12757 22690
22557 2520 22595
22561 12757 22684
22607 40320 22691
22585 2520 22626
22607 2520 22653
22607 5040 22696
22627 2520 22676
22653 2520 22696
22684 12757 22805
22691 20160 22787
22691 5040 22774
22691 2520 22727
22691 10080 22760
22691 5040 22790
22692 5040 22884
22728 20160 22787
22760 7717 22838
22760 2520 22803
22787 10080 22850
22787 7717 22861
22787 5040 22872
22776 2520 22819
22788 5040 22884
22788 2520 22834
22788 2520 22928
22805 20160 22862
22806 2520 22862
22806 7717 22873
22819 2520 22870
22834 2520 22867
22861 20160 22911
22862 20160 22918
22862 2520 22914
22870 10080 22933
22873 5040 22956
22884 20160 22944
22911 7717 22983
22911 2520 23056
22933 40320 23005
22944 5040 23028
22944 5040 23037
22984 20160 23033
23005 20160 23056
23005 7717 23077
22963 2520 23023
22963 2520 23008
22993 2520 23133
23005 2520 23050
23008 10080 23077
23034 12757 23159
23034 7717 23109
23034 5040 23219
23038 5040 23137
23050 5040 23127
23219 80640 23296
23296 80640 23373
