21335 2520
21336 2520
21337 2520
21338 7560
21339 7560
21340 7560
21341 17640
21342 17640
21343 17640
21344 25200
21345 25200
21346 25200
21347 30240
21348 30240
21349 30240
21350 47880
21351 47880
21352 47880
21353 50400
21354 50400
21355 50400
21356 50400
21357 50400
21358 50400
21359 50400
21360 50400
21361 50400
21362 50400
21363 50400
21364 50400
21365 50400
21366 50400
21367 50400
21368 50400
21369 50400
21370 50400
21371 50400
21372 50400
21373 47880
21374 47880
21375 47880
21376 47880
21377 47880
21378 47880
21379 47880
21380 47880
21381 47880
21382 47880
21383 47880
21384 47880
21385 47880
21386 47880
21387 47880
21388 47880
21389 80640
21390 80640
21391 80640
21392 80640
21393 80640
21394 80640
21395 80640
21396 80640
21397 80640
21398 80640
21399 80640
21400 80640
21401 80640
21402 80640
21403 80640
21404 80640
21405 80640
21406 80640
21407 80640
21408 80640
21409 80640
21410 80640
21411 80640
21412 80640
21413 80640
21414 80640
21415 80640
21416 80640
21417 80640
21418 80640
21419 80640
21420 80640
21421 80640
21422 80640
21423 80640
21424 80640
21425 80640
21426 75600
21427 75600
21428 75600
21429 75600
21430 75600
21431 75600
21432 75600
21433 78277
21434 78277
21435 78277
21436 78277
21437 78277
21438 78277
21439 78277
21440 78277
21441 78277
21442 75757
21443 75757
21444 70717
21445 78277
21446 78277
21447 78277
21448 78277
21449 78277
21450 78277
21451 78277
21452 78277
21453 78277
21454 63157
21455 63157
21456 63157
21457 63157
21458 63157
21459 63157
21460 63157
21461 63157
21462 63157
21463 63157
21464 63157
21465 63157
21466 63157
21467 63157
21468 63157
21469 63157
21470 63157
21471 63157
21472 63157
21473 63157
21474 63157
21475 63157
21476 63157
21477 63157
21478 63157
21479 63157
21480 63157
21481 63157
21482 63157
21483 63157
21484 63157
21485 63157
21486 60637
21487 60637
21488 75757
21489 75757
21490 78277
21491 78277
21492 78277
21493 78277
21494 78277
21495 78277
21496 78277
21497 78277
21498 78277
21499 75757
21500 78277
21501 78277
21502 75600
21503 75600
21504 78277
21505 78277
21506 75757
21507 75757
21508 75757
21509 75757
21510 75757
21511 75757
21512 78277
21513 78277
21514 75914
21515 75914
21516 75914
21517 75914
21518 75914
21519 75914
21520 75914
21521 75914
21522 75914
21523 75914
21524 75914
21525 75914
21526 75914
21527 75914
21528 75914
21529 75914
21530 75914
21531 70874
21532 70874
21533 70874
21534 70874
21535 70874
21536 70874
21537 70874
21538 68354
21539 78591
21540 78591
21541 78591
21542 78591
21543 78591
21544 78591
21545 78591
21546 78591
21547 78591
21548 78591
21549 78591
21550 76071
21551 76071
21552 76071
21553 76071
21554 76071
21555 76071
21556 76071
21557 76071
21558 76071
21559 76071
21560 76071
21561 76071
21562 76071
21563 78591
21564 78591
21565 78591
21566 78591
21567 78591
21568 78591
21569 78591
21570 78591
21571 78591
21572 78591
21573 78591
21574 78591
21575 78591
21576 78591
21577 78591
21578 68511
21579 68511
21580 68511
21581 68511
21582 68511
21583 63471
21584 78277
21585 78277
21586 78277
21587 63157
21588 75757
21589 75757
21590 75757
21591 78277
21592 78277
21593 78277
21594 78277
21595 78277
21596 78277
21597 78277
21598 78277
21599 78277
21600 78277
21601 78277
21602 78277
21603 78277
21604 78277
21605 78277
21606 78277
21607 78277
21608 78277
21609 78277
21610 78277
21611 78277
21612 78277
21613 78277
21614 78277
21615 78277
21616 78277
21617 78277
21618 78277
21619 78277
21620 78277
21621 78277
21622 75757
21623 75757
21624 75757
21625 75757
21626 75757
21627 75757
21628 73237
21629 73237
21630 73237
21631 73237
21632 73237
21633 73237
21634 73237
21635 73237
21636 73394
21637 78591
21638 78591
21639 78591
21640 78591
21641 78591
21642 78591
21643 78591
21644 78591
21645 78591
21646 73551
21647 68511
21648 68511
21649 68511
21650 68511
21651 68511
21652 68511
21653 68511
21654 68511
21655 68511
21656 68511
21657 68511
21658 68511
21659 68511
21660 68511
21661 68511
21662 68511
21663 68511
21664 75914
21665 75914
21666 73394
21667 73394
21668 73394
21669 68354
21670 78434
21671 78434
21672 78434
21673 78434
21674 78434
21675 78434
21676 78434
21677 78434
21678 78434
21679 78434
21680 78434
21681 78434
21682 78434
21683 78434
21684 78434
21685 78434
21686 78434
21687 78434
21688 78434
21689 78434
21690 78434
21691 78434
21692 78434
21693 78434
21694 78434
21695 78434
21696 78434
21697 78434
21698 78434
21699 78434
21700 78434
21701 78434
21702 78434
21703 78434
21704 78434
21705 78434
21706 78434
21707 78434
21708 78434
21709 73080
21710 68040
21711 68040
21712 68040
21713 68040
21714 68040
21715 68040
21716 47880
21717 47880
21718 47880
21719 47880
21720 45360
21721 80640
21722 80640
21723 80640
21724 80640
21725 80640
21726 80640
21727 80640
21728 80640
21729 80640
21730 80640
21731 80640
21732 80640
21733 80640
21734 80640
21735 80640
21736 80640
21737 80640
21738 80640
21739 80640
21740 80640
21741 80640
21742 80640
21743 80640
21744 80640
21745 80640
21746 80640
21747 80640
21748 80640
21749 80640
21750 80640
21751 80640
21752 80640
21753 80640
21754 80640
21755 80640
21756 80640
21757 80640
21758 80640
21759 80640
21760 80640
21761 80640
21762 80640
21763 80640
21764 80640
21765 80640
21766 80640
21767 80640
21768 80640
21769 75600
21770 73080
21771 80640
21772 80640
21773 73080
21774 73080
21775 73080
21776 73080
21777 80640
21778 80640
21779 78120
21780 78120
21781 78120
21782 78120
21783 78120
21784 78120
21785 78120
21786 78120
21787 78120
21788 78120
21789 78120
21790 78120
21791 78120
21792 78120
21793 78120
21794 78120
21795 78120
21796 78120
21797 78120
21798 78120
21799 78120
21800 78120
21801 78120
21802 78120
21803 78120
21804 78120
21805 78120
21806 78120
21807 78120
21808 78120
21809 78120
21810 78120
21811 78120
21812 78120
21813 78120
21814 78120
21815 78120
21816 78120
21817 78120
21818 73080
21819 73080
21820 73080
21821 73080
21822 73080
21823 73080
21824 73080
21825 73080
21826 73080
21827 73080
21828 73080
21829 73080
21830 73080
21831 73080
21832 73080
21833 73080
21834 70560
21835 70560
21836 70560
21837 70560
21838 70560
21839 80640
21840 80640
21841 80640
21842 80640
21843 80640
21844 78120
21845 78120
21846 73080
21847 73080
21848 80640
21849 80640
21850 80640
21851 80640
21852 80640
21853 80640
21854 80640
21855 75600
21856 75600
21857 75600
21858 75600
21859 75600
21860 75600
21861 75600
21862 75600
21863 75600
21864 75600
21865 75600
21866 75600
21867 73080
21868 73080
21869 73080
21870 73080
21871 73080
21872 73080
21873 73080
21874 73080
21875 73080
21876 73080
21877 73080
21878 73080
21879 73080
21880 73080
21881 73080
21882 73080
21883 73080
21884 73080
21885 73080
21886 73080
21887 73080
21888 73080
21889 73080
21890 73080
21891 73080
21892 80640
21893 80640
21894 80640
21895 80640
21896 80640
21897 80640
21898 80640
21899 80640
21900 80640
21901 80640
21902 80640
21903 80640
21904 80640
21905 80640
21906 80640
21907 80640
21908 80640
21909 80640
21910 80640
21911 73080
21912 73080
21913 73080
21914 73080
21915 73080
21916 73080
21917 73080
21918 73080
21919 73080
21920 73080
21921 73080
21922 73080
21923 73237
21924 73237
21925 73237
21926 73237
21927 73237
21928 73237
21929 73237
21930 73237
21931 73237
21932 73237
21933 73237
21934 73237
21935 75914
21936 75914
21937 75914
21938 75914
21939 75914
21940 75914
21941 75914
21942 75914
21943 75914
21944 75914
21945 73394
21946 73394
21947 73394
21948 73394
21949 73394
21950 73394
21951 73394
21952 73394
21953 73394
21954 73394
21955 78434
21956 78434
21957 78434
21958 78434
21959 78434
21960 78434
21961 78434
21962 78434
21963 78434
21964 78434
21965 78434
21966 78434
21967 78434
21968 78434
21969 78434
21970 78434
21971 78434
21972 78434
21973 78434
21974 78434
21975 78434
21976 78434
21977 78434
21978 78434
21979 78434
21980 78434
21981 78434
21982 78434
21983 78434
21984 78434
21985 78434
21986 78434
21987 73394
21988 63314
21989 60794
21990 60794
21991 60794
21992 50714
21993 50714
21994 50714
21995 50714
21996 50714
21997 53234
21998 53234
21999 53234
22000 53234
22001 45517
22002 45517
22003 45517
22004 45517
22005 45517
22006 42997
22007 42997
22008 42997
22009 42997
22010 42997
22011 42997
22012 42997
22013 42997
22014 78277
22015 78277
22016 78277
22017 78277
22018 78277
22019 78277
22020 78277
22021 78277
22022 78277
22023 78277
22024 78277
22025 78277
22026 78277
22027 78277
22028 78277
22029 78277
22030 78277
22031 78277
22032 78277
22033 78277
22034 78277
22035 78277
22036 78277
22037 78277
22038 78277
22039 78277
22040 78277
22041 78277
22042 78277
22043 78277
22044 78277
22045 78277
22046 78277
22047 78277
22048 78277
22049 78277
22050 78277
22051 78277
22052 78277
22053 78277
22054 78277
22055 78277
22056 78277
22057 78277
22058 78277
22059 78277
22060 78277
22061 78277
22062 78277
22063 78277
22064 78277
22065 78277
22066 78277
22067 80640
22068 80640
22069 80640
22070 78120
22071 78120
22072 78120
22073 78120
22074 78120
22075 78120
22076 78120
22077 78120
22078 78120
22079 78120
22080 78120
22081 78120
22082 78120
22083 78120
22084 78120
22085 78120
22086 78120
22087 78120
22088 78120
22089 78120
22090 78120
22091 78120
22092 78120
22093 78120
22094 78120
22095 80640
22096 80640
22097 80640
22098 80640
22099 80640
22100 80640
22101 80640
22102 80640
22103 80640
22104 80640
22105 80640
22106 80640
22107 40320
22108 78120
22109 80640
22110 80640
22111 80640
22112 80640
22113 80640
22114 80640
22115 80640
22116 80640
22117 75600
22118 75600
22119 75600
22120 75600
22121 75600
22122 75600
22123 75600
22124 75600
22125 75600
22126 75600
22127 75600
22128 75600
22129 75600
22130 75600
22131 75600
22132 75600
22133 75600
22134 73080
22135 80640
22136 80640
22137 80640
22138 80640
22139 80640
22140 80640
22141 80640
22142 80640
22143 80640
22144 80640
22145 80640
22146 80640
22147 80640
22148 80640
22149 80640
22150 80640
22151 78120
22152 78120
22153 78120
22154 78120
22155 75600
22156 75600
22157 75600
22158 80640
22159 80640
22160 80640
22161 80640
22162 80640
22163 80640
22164 80640
22165 80640
22166 80640
22167 80640
22168 80640
22169 80640
22170 80640
22171 80640
22172 75600
22173 75600
22174 75600
22175 75600
22176 75600
22177 75600
22178 65520
22179 65520
22180 80640
22181 80640
22182 80640
22183 80640
22184 80640
22185 80640
22186 80640
22187 80640
22188 80640
22189 80640
22190 80640
22191 80640
22192 80640
22193 80640
22194 80640
22195 80640
22196 80640
22197 80640
22198 80640
22199 80640
22200 80640
22201 80640
22202 80640
22203 78120
22204 78120
22205 78120
22206 78120
22207 78120
22208 78120
22209 78120
22210 78120
22211 78120
22212 78120
22213 78120
22214 78120
22215 80640
22216 80640
22217 80640
22218 80640
22219 73080
22220 73080
22221 73080
22222 73080
22223 70560
22224 80640
22225 80640
22226 80640
22227 80640
22228 80640
22229 80640
22230 80640
22231 80640
22232 80640
22233 80640
22234 80640
22235 80640
22236 80640
22237 80640
22238 80640
22239 80640
22240 80640
22241 80640
22242 80640
22243 78120
22244 78120
22245 78120
22246 78120
22247 78120
22248 78120
22249 78120
22250 78120
22251 68040
22252 80640
22253 80640
22254 80640
22255 80640
22256 80640
22257 80640
22258 80640
22259 78120
22260 80640
22261 80640
22262 80640
22263 80640
22264 80640
22265 80640
22266 80640
22267 78120
22268 78120
22269 78120
22270 78120
22271 78120
22272 78120
22273 78120
22274 78120
22275 78120
22276 78120
22277 78120
22278 78120
22279 78120
22280 78120
22281 78120
22282 78120
22283 78120
22284 78120
22285 68040
22286 73080
22287 73080
22288 70560
22289 80640
22290 80640
22291 80640
22292 80640
22293 80640
22294 80640
22295 80640
22296 80640
22297 80640
22298 80640
22299 80640
22300 80640
22301 80640
22302 80640
22303 80640
22304 80640
22305 80640
22306 80640
22307 80640
22308 80640
22309 80640
22310 65520
22311 78277
22312 78277
22313 78277
22314 78277
22315 78277
22316 78277
22317 78277
22318 78277
22319 78277
22320 78277
22321 78277
22322 78277
22323 78277
22324 78277
22325 78277
22326 78277
22327 78277
22328 78277
22329 78277
22330 78277
22331 78277
22332 78277
22333 78277
22334 78277
22335 78277
22336 75757
22337 75757
22338 75757
22339 75757
22340 75757
22341 75757
22342 75757
22343 75757
22344 75757
22345 75757
22346 75757
22347 75757
22348 78277
22349 78277
22350 78277
22351 78277
22352 78277
22353 75757
22354 73237
22355 73237
22356 73237
22357 73237
22358 73237
22359 68197
22360 63157
22361 63157
22362 63157
22363 63157
22364 63157
22365 63157
22366 63157
22367 63157
22368 63157
22369 78277
22370 78277
22371 78277
22372 78277
22373 78277
22374 78277
22375 78277
22376 78277
22377 78277
22378 78277
22379 78277
22380 78277
22381 78277
22382 78277
22383 78277
22384 78277
22385 78277
22386 78277
22387 78277
22388 80640
22389 80640
22390 80640
22391 80640
22392 80640
22393 80640
22394 80640
22395 80640
22396 80640
22397 80640
22398 80640
22399 80640
22400 80640
22401 78120
22402 78120
22403 80640
22404 80640
22405 78120
22406 75600
22407 75600
22408 75600
22409 63000
22410 63000
22411 80640
22412 80640
22413 80640
22414 80640
22415 80640
22416 80640
22417 80640
22418 80640
22419 80640
22420 80640
22421 80640
22422 80640
22423 80640
22424 80640
22425 57960
22426 75757
22427 75757
22428 75757
22429 75757
22430 75757
22431 75757
22432 75757
22433 75757
22434 75757
22435 75757
22436 75757
22437 75757
22438 78434
22439 78434
22440 78434
22441 78434
22442 78434
22443 78434
22444 78434
22445 78434
22446 75914
22447 75914
22448 75914
22449 75914
22450 75914
22451 75914
22452 75914
22453 75914
22454 75914
22455 75914
22456 75914
22457 75914
22458 65834
22459 65834
22460 43154
22461 43154
22462 43154
22463 78434
22464 78434
22465 78434
22466 78434
22467 78434
22468 78434
22469 78434
22470 78434
22471 78434
22472 78434
22473 78434
22474 78434
22475 78434
22476 78434
22477 78434
22478 78434
22479 78434
22480 78434
22481 78434
22482 78434
22483 78434
22484 78434
22485 78434
22486 78434
22487 78434
22488 78434
22489 78434
22490 78434
22491 78434
22492 78434
22493 78434
22494 78434
22495 75914
22496 75914
22497 75914
22498 75914
22499 75914
22500 78277
22501 78277
22502 78277
22503 78277
22504 80640
22505 80640
22506 80640
22507 80640
22508 80640
22509 80640
22510 80640
22511 80640
22512 80640
22513 80640
22514 80640
22515 80640
22516 80640
22517 80640
22518 80640
22519 80640
22520 80640
22521 80640
22522 80640
22523 80640
22524 80640
22525 80640
22526 80640
22527 80640
22528 80640
22529 80640
22530 80640
22531 80640
22532 80640
22533 80640
22534 80640
22535 80640
22536 80640
22537 80640
22538 80640
22539 80640
22540 80640
22541 80640
22542 80640
22543 80640
22544 80640
22545 80640
22546 80640
22547 80640
22548 80640
22549 78120
22550 73080
22551 73080
22552 73080
22553 73080
22554 73080
22555 73080
22556 32760
22557 75757
22558 75757
22559 75757
22560 65677
22561 78434
22562 78434
22563 78434
22564 68354
22565 68354
22566 68354
22567 68354
22568 68354
22569 58274
22570 58274
22571 58274
22572 58274
22573 58274
22574 58274
22575 58274
22576 58274
22577 58274
22578 58274
22579 58274
22580 58274
22581 58274
22582 58274
22583 58274
22584 58274
22585 60794
22586 60794
22587 60794
22588 60794
22589 60794
22590 60794
22591 60794
22592 60794
22593 60794
22594 60794
22595 53234
22596 53234
22597 53234
22598 53234
22599 53234
22600 53234
22601 53234
22602 53234
22603 53234
22604 53234
22605 50714
22606 50714
22607 78434
22608 78434
22609 78434
22610 78434
22611 78434
22612 78434
22613 78434
22614 78434
22615 78434
22616 78434
22617 78434
22618 78434
22619 78434
22620 78434
22621 78434
22622 78434
22623 78434
22624 78434
22625 78434
22626 75914
22627 78434
22628 78434
22629 78434
22630 78434
22631 78434
22632 78434
22633 78434
22634 78434
22635 78434
22636 78434
22637 78434
22638 78434
22639 78434
22640 78434
22641 78434
22642 78434
22643 78434
22644 78434
22645 78434
22646 78434
22647 78434
22648 78434
22649 78434
22650 78434
22651 78434
22652 78434
22653 78434
22654 78434
22655 78434
22656 78434
22657 78434
22658 78434
22659 78434
22660 78434
22661 78434
22662 78434
22663 78434
22664 78434
22665 78434
22666 78434
22667 78434
22668 78434
22669 78434
22670 78434
22671 78434
22672 78434
22673 78434
22674 78434
22675 78434
22676 75914
22677 75914
22678 75914
22679 75914
22680 75914
22681 75914
22682 75914
22683 75914
22684 75914
22685 75914
22686 75914
22687 75914
22688 75914
22689 75914
22690 63157
22691 65677
22692 70717
22693 70717
22694 70717
22695 70717
22696 60637
22697 60637
22698 60637
22699 60637
22700 60637
22701 60637
22702 60637
22703 60637
22704 60637
22705 60637
22706 60637
22707 60637
22708 60637
22709 60637
22710 60637
22711 60637
22712 60637
22713 60637
22714 60637
22715 60637
22716 60637
22717 60637
22718 60637
22719 60637
22720 60637
22721 60637
22722 60637
22723 60637
22724 60637
22725 60637
22726 60637
22727 58117
22728 78277
22729 78277
22730 78277
22731 78277
22732 78277
22733 78277
22734 78277
22735 78277
22736 78277
22737 78277
22738 78277
22739 78277
22740 78277
22741 78277
22742 78277
22743 78277
22744 78277
22745 78277
22746 78277
22747 78277
22748 78277
22749 78277
22750 78277
22751 78277
22752 78277
22753 78277
22754 78277
22755 78277
22756 78277
22757 78277
22758 78277
22759 78277
22760 78434
22761 78434
22762 78434
22763 78434
22764 78434
22765 78434
22766 78434
22767 78434
22768 78434
22769 78434
22770 78434
22771 78434
22772 78434
22773 78434
22774 73394
22775 73394
22776 75914
22777 75914
22778 75914
22779 75914
22780 75914
22781 75914
22782 75914
22783 75914
22784 75914
22785 75914
22786 75914
22787 58431
22788 68511
22789 68511
22790 63471
22791 63471
22792 63471
22793 63471
22794 63471
22795 63471
22796 63471
22797 63471
22798 63471
22799 63471
22800 63471
22801 63471
22802 63471
22803 60951
22804 60951
22805 68354
22806 78591
22807 78591
22808 78591
22809 78591
22810 78591
22811 78591
22812 78591
22813 78591
22814 78591
22815 78591
22816 78591
22817 78591
22818 78591
22819 78591
22820 78591
22821 78591
22822 78591
22823 78591
22824 78591
22825 78591
22826 78591
22827 78591
22828 78591
22829 78591
22830 78591
22831 78591
22832 78591
22833 78591
22834 78591
22835 78591
22836 78591
22837 78591
22838 70874
22839 70874
22840 70874
22841 70874
22842 70874
22843 70874
22844 70874
22845 70874
22846 70874
22847 70874
22848 70874
22849 70874
22850 60794
22851 60794
22852 60794
22853 60794
22854 60794
22855 60794
22856 60794
22857 60794
22858 60794
22859 60794
22860 60794
22861 73237
22862 73237
22863 73237
22864 73237
22865 73237
22866 73237
22867 70717
22868 70717
22869 70717
22870 78277
22871 78277
22872 73237
22873 70560
22874 70560
22875 70560
22876 70560
22877 70560
22878 70560
22879 70560
22880 70560
22881 70560
22882 70560
22883 70560
22884 80640
22885 80640
22886 80640
22887 80640
22888 80640
22889 80640
22890 80640
22891 80640
22892 80640
22893 80640
22894 80640
22895 80640
22896 80640
22897 80640
22898 80640
22899 80640
22900 80640
22901 80640
22902 80640
22903 80640
22904 80640
22905 80640
22906 80640
22907 80640
22908 80640
22909 80640
22910 80640
22911 70717
22912 70717
22913 70717
22914 68197
22915 68197
22916 68197
22917 68197
22918 48037
22919 48037
22920 48037
22921 48037
22922 48037
22923 48037
22924 48037
22925 48037
22926 48037
22927 48037
22928 45517
22929 45517
22930 45517
22931 45517
22932 45517
22933 75757
22934 75757
22935 75757
22936 75757
22937 75757
22938 75757
22939 75757
22940 75757
22941 75757
22942 75757
22943 75757
22944 65677
22945 65677
22946 65677
22947 65677
22948 65677
22949 65677
22950 65677
22951 65677
22952 65677
22953 65677
22954 65677
22955 65677
22956 60637
22957 60637
22958 60637
22959 60637
22960 60637
22961 60637
22962 60637
22963 65677
22964 65677
22965 65677
22966 65677
22967 65677
22968 65677
22969 65677
22970 65677
22971 65677
22972 65677
22973 65677
22974 65677
22975 65677
22976 65677
22977 65677
22978 65677
22979 65677
22980 65677
22981 65677
22982 65677
22983 57960
22984 78120
22985 78120
22986 78120
22987 78120
22988 78120
22989 78120
22990 78120
22991 78120
22992 78120
22993 80640
22994 80640
22995 80640
22996 80640
22997 80640
22998 80640
22999 80640
23000 80640
23001 80640
23002 80640
23003 80640
23004 80640
23005 70717
23006 70717
23007 70717
23008 78277
23009 78277
23010 78277
23011 78277
23012 78277
23013 78277
23014 78277
23015 78277
23016 78277
23017 78277
23018 78277
23019 78277
23020 78277
23021 78277
23022 78277
23023 75757
23024 75757
23025 75757
23026 75757
23027 75757
23028 70717
23029 70717
23030 70717
23031 70717
23032 70717
23033 50557
23034 76071
23035 76071
23036 76071
23037 71031
23038 76071
23039 76071
23040 76071
23041 76071
23042 76071
23043 76071
23044 76071
23045 76071
23046 76071
23047 76071
23048 76071
23049 76071
23050 78591
23051 78591
23052 78591
23053 78591
23054 78591
23055 78591
23056 55911
23057 55911
23058 55911
23059 55911
23060 55911
23061 55911
23062 55911
23063 55911
23064 55911
23065 55911
23066 55911
23067 55911
23068 55911
23069 55911
23070 55911
23071 55911
23072 55911
23073 55911
23074 55911
23075 55911
23076 55911
23077 38114
23078 38114
23079 38114
23080 38114
23081 38114
23082 38114
23083 38114
23084 38114
23085 38114
23086 38114
23087 38114
23088 38114
23089 38114
23090 38114
23091 38114
23092 38114
23093 38114
23094 38114
23095 38114
23096 38114
23097 38114
23098 38114
23099 38114
23100 38114
23101 38114
23102 38114
23103 38114
23104 38114
23105 38114
23106 38114
23107 38114
23108 38114
23109 30397
23110 30397
23111 30397
23112 30397
23113 30397
23114 30397
23115 30397
23116 30397
23117 30397
23118 30397
23119 30397
23120 30397
23121 30397
23122 30397
23123 30397
23124 30397
23125 30397
23126 30397
23127 25357
23128 25357
23129 25357
23130 25357
23131 25357
23132 25357
23133 22837
23134 22837
23135 22837
23136 22837
23137 17797
23138 17797
23139 17797
23140 17797
23141 17797
23142 17797
23143 17797
23144 17797
23145 17797
23146 17797
23147 17797
23148 17797
23149 17797
23150 17797
23151 17797
23152 17797
23153 17797
23154 17797
23155 17797
23156 17797
23157 17797
23158 17797
23159 5040
23160 5040
23161 5040
23162 5040
23163 5040
23164 5040
23165 5040
23166 5040
23167 5040
23168 5040
23169 5040
23170 5040
23171 5040
23172 5040
23173 5040
23174 5040
23175 5040
23176 5040
23177 5040
23178 5040
23179 5040
23180 5040
23181 5040
23182 5040
23183 5040
23184 5040
23185 5040
23186 5040
23187 5040
23188 5040
23189 5040
23190 5040
23191 5040
23192 5040
23193 5040
23194 5040
23195 5040
23196 5040
23197 5040
23198 5040
23199 5040
23200 5040
23201 5040
23202 5040
23203 5040
23204 5040
23205 5040
23206 5040
23207 5040
23208 5040
23209 5040
23210 5040
23211 5040
23212 5040
23213 5040
23214 5040
23215 5040
23216 5040
23217 5040
23218 5040
23219 80640
23220 80640
23221 80640
23222 80640
23223 80640
23224 80640
23225 80640
23226 80640
23227 80640
23228 80640
23229 80640
23230 80640
23231 80640
23232 80640
23233 80640
23234 80640
23235 80640
23236 80640
23237 80640
23238 80640
23239 80640
23240 80640
23241 80640
23242 80640
23243 80640
23244 80640
23245 80640
23246 80640
23247 80640
23248 80640
23249 80640
23250 80640
23251 80640
23252 80640
23253 80640
23254 80640
23255 80640
23256 80640
23257 80640
23258 80640
23259 80640
23260 80640
23261 80640
23262 80640
23263 80640
23264 80640
23265 80640
23266 80640
23267 80640
23268 80640
23269 80640
23270 80640
23271 80640
23272 80640
23273 80640
23274 80640
23275 80640
23276 80640
23277 80640
23278 80640
23279 80640
23280 80640
23281 80640
23282 80640
23283 80640
23284 80640
23285 80640
23286 80640
23287 80640
23288 80640
23289 80640
23290 80640
23291 80640
23292 80640
23293 80640
23294 80640
23295 80640
23296 80640
23297 80640
23298 80640
23299 80640
23300 80640
23301 80640
23302 80640
23303 80640
23304 80640
23305 80640
23306 80640
23307 80640
23308 80640
23309 80640
23310 80640
23311 80640
23312 80640
23313 80640
23314 80640
23315 80640
23316 80640
23317 80640
23318 80640
23319 80640
23320 80640
23321 80640
23322 80640
23323 80640
23324 80640
23325 80640
23326 80640
23327 80640
23328 80640
23329 80640
23330 80640
23331 80640
23332 80640
23333 80640
23334 80640
23335 80640
23336 80640
23337 80640
23338 80640
23339 80640
23340 80640
23341 80640
23342 80640
23343 80640
23344 80640
23345 80640
23346 80640
23347 80640
23348 80640
23349 80640
23350 80640
23351 80640
23352 80640
23353 80640
23354 80640
23355 80640
23356 80640
23357 80640
23358 80640
23359 80640
23360 80640
23361 80640
23362 80640
23363 80640
23364 80640
23365 80640
23366 80640
23367 80640
23368 80640
23369 80640
23370 80640
23371 80640
23372 80640
23373 0
