1052837 2520 1052895
1052840 2520 1052897
1052840 2520 1052896
1052843 2520 1053004
1052843 2520 1053003
1052844 5040 1052895
1052846 2520 1052890
1052849 5040 1052939
1052849 5040 1053037
1052852 5040 1052942
1052853 10080 1052914
1052853 2520 1052998
1052855 2520 1052903
1052895 40320 1052969
1052897 2520 1052956
1052898 2520 1053034
1052904 2520 1052953
1052915 2520 1052958
1052915 2520 1052957
1052939 7717 1053007
1052956 10080 1053023
1052970 10080 1053034
1052971 2520 1053027
1052971 2520 1053028
1052972 10080 1053035
1052972 20160 1053065
1053004 5040 1053075
1053007 5040 1053184
1053008 2520 1053050
1053008 2520 1053060
1053024 7717 1053092
1053029 7717 1053100
1053035 5040 1053123
1053036 2520 1053095
1053036 10080 1053098
1053051 12757 1053169
1053061 2520 1053112
1053065 2520 1053103
1053066 5040 1053126
1053092 20160 1053157
1053098 10080 1053163
1053099 2520 1053152
1053099 2520 1053139
1053101 5040 1053207
1053102 2520 1053150
1053103 5040 1053285
1053126 5040 1053179
1053122 2520 1053268
1053127 2520 1053175
1053150 7717 1053234
1053153 2520 1053202
1053158 10080 1053222
1053158 7717 1053244
1053158 2520 1053311
1053164 2520 1053301
1053164 2520 1053214
1053175 20160 1053223
1053185 10080 1053241
1053203 2520 1053262
1053207 2520 1053263
1053208 2520 1053262
1053214 2520 1053361
1053242 40320 1053314
1053263 20160 1053326
1053263 2520 1053312
1053264 2520 1053311
1053269 2520 1053414
1053312 10080 1053457
1053312 5040 1053369
1053314 10080 1053387
1053315 5040 1053497
1053315 5040 1053372
1053316 10080 1053380
1053317 2520 1053362
1053327 10080 1053483
1053328 10080 1053386
1053328 2520 1053381
1053329 2520 1053381
1053381 20160 1053482
1053375 2520 1053420
1053382 10080 1053527
1053387 10080 1053459
1053388 2520 1053525
1053388 2520 1053428
1053420 10080 1053473
1053428 2520 1053463
1053458 2520 1053501
1053459 7717 1053539
1053459 2520 1053503
1053473 10080 1053528
1053482 10080 1053557
1053483 12757 1053603
1053484 10080 1053560
1053498 10080 1053555
1053501 2520 1053646
1053503 2520 1053537
1053526 2520 1053572
1053527 2520 1053667
1053558 40320 1053652
1053558 2520 1053697
1053559 5040 1053651
1053560 2520 1053610
1053572 10080 1053643
1053604 10080 1053742
1053604 5040 1053651
1053644 5040 1053845
1053644 2520 1053711
1053645 2520 1053710
1053651 10080 1053712
1053653 10080 1053808
1053654 2520 1053710
1053654 5040 1053751
1053655 20160 1053705
1053655 2520 1053704
1053698 10080 1053768
1053705 10080 1053768
1053706 10080 1053770
1053706 2520 1053766
1053711 2520 1053757
1053713 10080 1053777
1053714 2520 1053772
1053714 2520 1053773
1053743 5040 1053831
1053751 10080 1053816
1053767 5040 1053852
1053769 2520 1053812
1053769 2520 1053914
1053770 5040 1053859
1053771 2520 1053911
1053771 10080 1053835
1053773 10080 1053850
1053808 20160 1053856
1053809 2520 1053855
1053812 2520 1053963
1053816 5040 1053911
1053817 2520 1053963
1053831 5040 1054008
1053836 5040 1053922
1053846 10080 1053914
1053846 2520 1053987
1053851 2520 1053913
1053853 10080 1053927
1053853 2520 1053897
1053856 2520 1053901
1053857 7717 1053930
1053857 5040 1054030
1053858 2520 1054005
1053858 2520 1053906
1053860 5040 1053948
1053911 10080 1053968
1053913 5040 1054010
1053914 2520 1054063
1053915 2520 1053957
1053916 2520 1053978
1053916 2520 1053978
1053928 20160 1053989
1053930 10080 1054001
1053949 5040 1054030
1053958 2520 1054001
1053979 20160 1054037
1053990 10080 1054151
1053991 7717 1054059
1054001 7717 1054077
1054037 40320 1054126
1054034 5040 1054103
1054059 10080 1054116
1054064 5040 1054131
1054078 10080 1054147
1054104 2520 1054153
1054127 20160 1054181
1054128 2520 1054272
1054128 2520 1054176
1054129 2520 1054174
1054129 12757 1054253
1054130 2520 1054167
1054131 12757 1054260
1054181 40320 1054277
1054182 2520 1054234
1054182 2520 1054234
1054183 5040 1054281
1054235 2520 1054281
1054236 2520 1054282
1054253 12757 1054375
1054277 20160 1054377
1054269 5040 1054363
1054269 2520 1054324
1054278 10080 1054343
1054278 5040 1054377
1054279 5040 1054462
1054325 20160 1054380
1054344 7717 1054418
1054344 2520 1054386
1054375 10080 1054438
1054376 7717 1054449
1054378 5040 1054482
1054378 2520 1054436
1054379 5040 1054482
1054379 2520 1054426
1054380 2520 1054519
1054381 20160 1054439
1054382 2520 1054425
1054387 7717 1054454
1054419 2520 1054473
1054419 2520 1054474
1054438 20160 1054487
1054440 20160 1054501
1054450 2520 1054489
1054454 10080 1054516
1054455 5040 1054554
1054483 20160 1054539
1054488 7717 1054561
1054488 2520 1054640
1054516 40320 1054588
1054539 5040 1054641
1054540 5040 1054635
1054561 20160 1054613
1054589 20160 1054657
1054589 7717 1054666
1054590 2520 1054638
1054590 2520 1054657
1054591 2520 1054733
1054591 2520 1054632
1054613 10080 1054676
1054614 12757 1054737
1054632 7717 1054709
1054636 5040 1054814
1054640 5040 1054739
1054641 5040 1054739
1054815 80640 1054892
1054894 80640 1054972
