1052837 2520
1052838 2520
1052839 2520
1052840 7560
1052841 7560
1052842 7560
1052843 12600
1052844 17640
1052845 17640
1052846 20160
1052847 20160
1052848 20160
1052849 30240
1052850 30240
1052851 30240
1052852 35280
1052853 47880
1052854 47880
1052855 50400
1052856 50400
1052857 50400
1052858 50400
1052859 50400
1052860 50400
1052861 50400
1052862 50400
1052863 50400
1052864 50400
1052865 50400
1052866 50400
1052867 50400
1052868 50400
1052869 50400
1052870 50400
1052871 50400
1052872 50400
1052873 50400
1052874 50400
1052875 50400
1052876 50400
1052877 50400
1052878 50400
1052879 50400
1052880 50400
1052881 50400
1052882 50400
1052883 50400
1052884 50400
1052885 50400
1052886 50400
1052887 50400
1052888 50400
1052889 50400
1052890 47880
1052891 47880
1052892 47880
1052893 47880
1052894 47880
1052895 80640
1052896 78120
1052897 78120
1052898 80640
1052899 80640
1052900 80640
1052901 80640
1052902 80640
1052903 78120
1052904 80640
1052905 80640
1052906 80640
1052907 80640
1052908 80640
1052909 80640
1052910 80640
1052911 80640
1052912 80640
1052913 80640
1052914 70560
1052915 75600
1052916 75600
1052917 75600
1052918 75600
1052919 75600
1052920 75600
1052921 75600
1052922 75600
1052923 75600
1052924 75600
1052925 75600
1052926 75600
1052927 75600
1052928 75600
1052929 75600
1052930 75600
1052931 75600
1052932 75600
1052933 75600
1052934 75600
1052935 75600
1052936 75600
1052937 75600
1052938 75600
1052939 78277
1052940 78277
1052941 78277
1052942 73237
1052943 73237
1052944 73237
1052945 73237
1052946 73237
1052947 73237
1052948 73237
1052949 73237
1052950 73237
1052951 73237
1052952 73237
1052953 70717
1052954 70717
1052955 70717
1052956 78277
1052957 75757
1052958 73237
1052959 73237
1052960 73237
1052961 73237
1052962 73237
1052963 73237
1052964 73237
1052965 73237
1052966 73237
1052967 73237
1052968 73237
1052969 32917
1052970 42997
1052971 48037
1052972 78277
1052973 78277
1052974 78277
1052975 78277
1052976 78277
1052977 78277
1052978 78277
1052979 78277
1052980 78277
1052981 78277
1052982 78277
1052983 78277
1052984 78277
1052985 78277
1052986 78277
1052987 78277
1052988 78277
1052989 78277
1052990 78277
1052991 78277
1052992 78277
1052993 78277
1052994 78277
1052995 78277
1052996 78277
1052997 78277
1052998 75757
1052999 75757
1053000 75757
1053001 75757
1053002 75757
1053003 73237
1053004 75757
1053005 75757
1053006 75757
1053007 73080
1053008 78120
1053009 78120
1053010 78120
1053011 78120
1053012 78120
1053013 78120
1053014 78120
1053015 78120
1053016 78120
1053017 78120
1053018 78120
1053019 78120
1053020 78120
1053021 78120
1053022 78120
1053023 68040
1053024 75757
1053025 75757
1053026 75757
1053027 73237
1053028 70717
1053029 78434
1053030 78434
1053031 78434
1053032 78434
1053033 78434
1053034 65834
1053035 60794
1053036 73394
1053037 68354
1053038 68354
1053039 68354
1053040 68354
1053041 68354
1053042 68354
1053043 68354
1053044 68354
1053045 68354
1053046 68354
1053047 68354
1053048 68354
1053049 68354
1053050 65834
1053051 78591
1053052 78591
1053053 78591
1053054 78591
1053055 78591
1053056 78591
1053057 78591
1053058 78591
1053059 78591
1053060 76071
1053061 78591
1053062 78591
1053063 78591
1053064 78591
1053065 60951
1053066 65991
1053067 65991
1053068 65991
1053069 65991
1053070 65991
1053071 65991
1053072 65991
1053073 65991
1053074 65991
1053075 60951
1053076 60951
1053077 60951
1053078 60951
1053079 60951
1053080 60951
1053081 60951
1053082 60951
1053083 60951
1053084 60951
1053085 60951
1053086 60951
1053087 60951
1053088 60951
1053089 60951
1053090 60951
1053091 60951
1053092 73394
1053093 73394
1053094 73394
1053095 70874
1053096 70874
1053097 70874
1053098 70874
1053099 75914
1053100 68197
1053101 73237
1053102 75757
1053103 78277
1053104 78277
1053105 78277
1053106 78277
1053107 78277
1053108 78277
1053109 78277
1053110 78277
1053111 78277
1053112 75757
1053113 75757
1053114 75757
1053115 75757
1053116 75757
1053117 75757
1053118 75757
1053119 75757
1053120 75757
1053121 75757
1053122 78277
1053123 73237
1053124 73237
1053125 73237
1053126 73237
1053127 75757
1053128 75757
1053129 75757
1053130 75757
1053131 75757
1053132 75757
1053133 75757
1053134 75757
1053135 75757
1053136 75757
1053137 75757
1053138 75757
1053139 73237
1053140 73237
1053141 73237
1053142 73237
1053143 73237
1053144 73237
1053145 73237
1053146 73237
1053147 73237
1053148 73237
1053149 73237
1053150 78434
1053151 78434
1053152 75914
1053153 78434
1053154 78434
1053155 78434
1053156 78434
1053157 58274
1053158 78591
1053159 78591
1053160 78591
1053161 78591
1053162 78591
1053163 68511
1053164 73551
1053165 73551
1053166 73551
1053167 73551
1053168 73551
1053169 60794
1053170 60794
1053171 60794
1053172 60794
1053173 60794
1053174 60794
1053175 78434
1053176 78434
1053177 78434
1053178 78434
1053179 73394
1053180 73394
1053181 73394
1053182 73394
1053183 73394
1053184 68354
1053185 78434
1053186 78434
1053187 78434
1053188 78434
1053189 78434
1053190 78434
1053191 78434
1053192 78434
1053193 78434
1053194 78434
1053195 78434
1053196 78434
1053197 78434
1053198 78434
1053199 78434
1053200 78434
1053201 78434
1053202 75914
1053203 78434
1053204 78434
1053205 78434
1053206 78434
1053207 75914
1053208 78434
1053209 78434
1053210 78434
1053211 78434
1053212 78434
1053213 78434
1053214 78434
1053215 78434
1053216 78434
1053217 78434
1053218 78434
1053219 78434
1053220 78434
1053221 78434
1053222 68354
1053223 48194
1053224 48194
1053225 48194
1053226 48194
1053227 48194
1053228 48194
1053229 48194
1053230 48194
1053231 48194
1053232 48194
1053233 48194
1053234 40477
1053235 40477
1053236 40477
1053237 40477
1053238 40477
1053239 40477
1053240 40477
1053241 30397
1053242 70717
1053243 70717
1053244 63000
1053245 63000
1053246 63000
1053247 63000
1053248 63000
1053249 63000
1053250 63000
1053251 63000
1053252 63000
1053253 63000
1053254 63000
1053255 63000
1053256 63000
1053257 63000
1053258 63000
1053259 63000
1053260 63000
1053261 63000
1053262 57960
1053263 78120
1053264 80640
1053265 80640
1053266 80640
1053267 80640
1053268 78120
1053269 80640
1053270 80640
1053271 80640
1053272 80640
1053273 80640
1053274 80640
1053275 80640
1053276 80640
1053277 80640
1053278 80640
1053279 80640
1053280 80640
1053281 80640
1053282 80640
1053283 80640
1053284 80640
1053285 75600
1053286 75600
1053287 75600
1053288 75600
1053289 75600
1053290 75600
1053291 75600
1053292 75600
1053293 75600
1053294 75600
1053295 75600
1053296 75600
1053297 75600
1053298 75600
1053299 75600
1053300 75600
1053301 73080
1053302 73080
1053303 73080
1053304 73080
1053305 73080
1053306 73080
1053307 73080
1053308 73080
1053309 73080
1053310 73080
1053311 68040
1053312 80640
1053313 80640
1053314 50400
1053315 60480
1053316 70560
1053317 73080
1053318 73080
1053319 73080
1053320 73080
1053321 73080
1053322 73080
1053323 73080
1053324 73080
1053325 73080
1053326 52920
1053327 63000
1053328 75600
1053329 78120
1053330 78120
1053331 78120
1053332 78120
1053333 78120
1053334 78120
1053335 78120
1053336 78120
1053337 78120
1053338 78120
1053339 78120
1053340 78120
1053341 78120
1053342 78120
1053343 78120
1053344 78120
1053345 78120
1053346 78120
1053347 78120
1053348 78120
1053349 78120
1053350 78120
1053351 78120
1053352 78120
1053353 78120
1053354 78120
1053355 78120
1053356 78120
1053357 78120
1053358 78120
1053359 78120
1053360 78120
1053361 75600
1053362 73080
1053363 73080
1053364 73080
1053365 73080
1053366 73080
1053367 73080
1053368 73080
1053369 68040
1053370 68040
1053371 68040
1053372 63000
1053373 63000
1053374 63000
1053375 65520
1053376 65520
1053377 65520
1053378 65520
1053379 65520
1053380 55440
1053381 70560
1053382 80640
1053383 80640
1053384 80640
1053385 80640
1053386 70560
1053387 70560
1053388 75600
1053389 75600
1053390 75600
1053391 75600
1053392 75600
1053393 75600
1053394 75600
1053395 75600
1053396 75600
1053397 75600
1053398 75600
1053399 75600
1053400 75600
1053401 75600
1053402 75600
1053403 75600
1053404 75600
1053405 75600
1053406 75600
1053407 75600
1053408 75600
1053409 75600
1053410 75600
1053411 75600
1053412 75600
1053413 75600
1053414 73080
1053415 73080
1053416 73080
1053417 73080
1053418 73080
1053419 73080
1053420 80640
1053421 80640
1053422 80640
1053423 80640
1053424 80640
1053425 80640
1053426 80640
1053427 80640
1053428 80640
1053429 80640
1053430 80640
1053431 80640
1053432 80640
1053433 80640
1053434 80640
1053435 80640
1053436 80640
1053437 80640
1053438 80640
1053439 80640
1053440 80640
1053441 80640
1053442 80640
1053443 80640
1053444 80640
1053445 80640
1053446 80640
1053447 80640
1053448 80640
1053449 80640
1053450 80640
1053451 80640
1053452 80640
1053453 80640
1053454 80640
1053455 80640
1053456 80640
1053457 70560
1053458 73080
1053459 73237
1053460 73237
1053461 73237
1053462 73237
1053463 70717
1053464 70717
1053465 70717
1053466 70717
1053467 70717
1053468 70717
1053469 70717
1053470 70717
1053471 70717
1053472 70717
1053473 70717
1053474 70717
1053475 70717
1053476 70717
1053477 70717
1053478 70717
1053479 70717
1053480 70717
1053481 70717
1053482 60637
1053483 63314
1053484 73394
1053485 73394
1053486 73394
1053487 73394
1053488 73394
1053489 73394
1053490 73394
1053491 73394
1053492 73394
1053493 73394
1053494 73394
1053495 73394
1053496 73394
1053497 68354
1053498 78434
1053499 78434
1053500 78434
1053501 78434
1053502 78434
1053503 78434
1053504 78434
1053505 78434
1053506 78434
1053507 78434
1053508 78434
1053509 78434
1053510 78434
1053511 78434
1053512 78434
1053513 78434
1053514 78434
1053515 78434
1053516 78434
1053517 78434
1053518 78434
1053519 78434
1053520 78434
1053521 78434
1053522 78434
1053523 78434
1053524 78434
1053525 75914
1053526 78434
1053527 70874
1053528 60794
1053529 60794
1053530 60794
1053531 60794
1053532 60794
1053533 60794
1053534 60794
1053535 60794
1053536 60794
1053537 58274
1053538 58274
1053539 50557
1053540 50557
1053541 50557
1053542 50557
1053543 50557
1053544 50557
1053545 50557
1053546 50557
1053547 50557
1053548 50557
1053549 50557
1053550 50557
1053551 50557
1053552 50557
1053553 50557
1053554 50557
1053555 40477
1053556 40477
1053557 30397
1053558 73237
1053559 78277
1053560 70717
1053561 70717
1053562 70717
1053563 70717
1053564 70717
1053565 70717
1053566 70717
1053567 70717
1053568 70717
1053569 70717
1053570 70717
1053571 70717
1053572 78277
1053573 78277
1053574 78277
1053575 78277
1053576 78277
1053577 78277
1053578 78277
1053579 78277
1053580 78277
1053581 78277
1053582 78277
1053583 78277
1053584 78277
1053585 78277
1053586 78277
1053587 78277
1053588 78277
1053589 78277
1053590 78277
1053591 78277
1053592 78277
1053593 78277
1053594 78277
1053595 78277
1053596 78277
1053597 78277
1053598 78277
1053599 78277
1053600 78277
1053601 78277
1053602 78277
1053603 65520
1053604 80640
1053605 80640
1053606 80640
1053607 80640
1053608 80640
1053609 80640
1053610 78120
1053611 78120
1053612 78120
1053613 78120
1053614 78120
1053615 78120
1053616 78120
1053617 78120
1053618 78120
1053619 78120
1053620 78120
1053621 78120
1053622 78120
1053623 78120
1053624 78120
1053625 78120
1053626 78120
1053627 78120
1053628 78120
1053629 78120
1053630 78120
1053631 78120
1053632 78120
1053633 78120
1053634 78120
1053635 78120
1053636 78120
1053637 78120
1053638 78120
1053639 78120
1053640 78120
1053641 78120
1053642 78120
1053643 68040
1053644 75600
1053645 78120
1053646 75600
1053647 75600
1053648 75600
1053649 75600
1053650 75600
1053651 75600
1053652 35280
1053653 45360
1053654 52920
1053655 75600
1053656 75600
1053657 75600
1053658 75600
1053659 75600
1053660 75600
1053661 75600
1053662 75600
1053663 75600
1053664 75600
1053665 75600
1053666 75600
1053667 73080
1053668 73080
1053669 73080
1053670 73080
1053671 73080
1053672 73080
1053673 73080
1053674 73080
1053675 73080
1053676 73080
1053677 73080
1053678 73080
1053679 73080
1053680 73080
1053681 73080
1053682 73080
1053683 73080
1053684 73080
1053685 73080
1053686 73080
1053687 73080
1053688 73080
1053689 73080
1053690 73080
1053691 73080
1053692 73080
1053693 73080
1053694 73080
1053695 73080
1053696 73080
1053697 70560
1053698 80640
1053699 80640
1053700 80640
1053701 80640
1053702 80640
1053703 80640
1053704 78120
1053705 68040
1053706 80640
1053707 80640
1053708 80640
1053709 80640
1053710 75600
1053711 75600
1053712 65520
1053713 75600
1053714 80640
1053715 80640
1053716 80640
1053717 80640
1053718 80640
1053719 80640
1053720 80640
1053721 80640
1053722 80640
1053723 80640
1053724 80640
1053725 80640
1053726 80640
1053727 80640
1053728 80640
1053729 80640
1053730 80640
1053731 80640
1053732 80640
1053733 80640
1053734 80640
1053735 80640
1053736 80640
1053737 80640
1053738 80640
1053739 80640
1053740 80640
1053741 80640
1053742 70560
1053743 75600
1053744 75600
1053745 75600
1053746 75600
1053747 75600
1053748 75600
1053749 75600
1053750 75600
1053751 80640
1053752 80640
1053753 80640
1053754 80640
1053755 80640
1053756 80640
1053757 78120
1053758 78120
1053759 78120
1053760 78120
1053761 78120
1053762 78120
1053763 78120
1053764 78120
1053765 78120
1053766 75600
1053767 80640
1053768 60480
1053769 65520
1053770 60480
1053771 73080
1053772 70560
1053773 78120
1053774 78120
1053775 78120
1053776 78120
1053777 68040
1053778 68040
1053779 68040
1053780 68040
1053781 68040
1053782 68040
1053783 68040
1053784 68040
1053785 68040
1053786 68040
1053787 68040
1053788 68040
1053789 68040
1053790 68040
1053791 68040
1053792 68040
1053793 68040
1053794 68040
1053795 68040
1053796 68040
1053797 68040
1053798 68040
1053799 68040
1053800 68040
1053801 68040
1053802 68040
1053803 68040
1053804 68040
1053805 68040
1053806 68040
1053807 68040
1053808 78120
1053809 80640
1053810 80640
1053811 80640
1053812 80640
1053813 80640
1053814 80640
1053815 80640
1053816 75600
1053817 78120
1053818 78120
1053819 78120
1053820 78120
1053821 78120
1053822 78120
1053823 78120
1053824 78120
1053825 78120
1053826 78120
1053827 78120
1053828 78120
1053829 78120
1053830 78120
1053831 78120
1053832 78120
1053833 78120
1053834 78120
1053835 68040
1053836 73080
1053837 73080
1053838 73080
1053839 73080
1053840 73080
1053841 73080
1053842 73080
1053843 73080
1053844 73080
1053845 68040
1053846 80640
1053847 80640
1053848 80640
1053849 80640
1053850 70560
1053851 73080
1053852 68040
1053853 80640
1053854 80640
1053855 78120
1053856 60480
1053857 73237
1053858 78277
1053859 73237
1053860 78277
1053861 78277
1053862 78277
1053863 78277
1053864 78277
1053865 78277
1053866 78277
1053867 78277
1053868 78277
1053869 78277
1053870 78277
1053871 78277
1053872 78277
1053873 78277
1053874 78277
1053875 78277
1053876 78277
1053877 78277
1053878 78277
1053879 78277
1053880 78277
1053881 78277
1053882 78277
1053883 78277
1053884 78277
1053885 78277
1053886 78277
1053887 78277
1053888 78277
1053889 78277
1053890 78277
1053891 78277
1053892 78277
1053893 78277
1053894 78277
1053895 78277
1053896 78277
1053897 75757
1053898 75757
1053899 75757
1053900 75757
1053901 73237
1053902 73237
1053903 73237
1053904 73237
1053905 73237
1053906 70717
1053907 70717
1053908 70717
1053909 70717
1053910 70717
1053911 73237
1053912 73237
1053913 75757
1053914 65677
1053915 68197
1053916 73237
1053917 73237
1053918 73237
1053919 73237
1053920 73237
1053921 73237
1053922 68197
1053923 68197
1053924 68197
1053925 68197
1053926 68197
1053927 58117
1053928 78277
1053929 78277
1053930 80640
1053931 80640
1053932 80640
1053933 80640
1053934 80640
1053935 80640
1053936 80640
1053937 80640
1053938 80640
1053939 80640
1053940 80640
1053941 80640
1053942 80640
1053943 80640
1053944 80640
1053945 80640
1053946 80640
1053947 80640
1053948 75600
1053949 80640
1053950 80640
1053951 80640
1053952 80640
1053953 80640
1053954 80640
1053955 80640
1053956 80640
1053957 78120
1053958 80640
1053959 80640
1053960 80640
1053961 80640
1053962 80640
1053963 75600
1053964 75600
1053965 75600
1053966 75600
1053967 75600
1053968 65520
1053969 65520
1053970 65520
1053971 65520
1053972 65520
1053973 65520
1053974 65520
1053975 65520
1053976 65520
1053977 65520
1053978 60480
1053979 80640
1053980 80640
1053981 80640
1053982 80640
1053983 80640
1053984 80640
1053985 80640
1053986 80640
1053987 78120
1053988 78120
1053989 57960
1053990 68040
1053991 75757
1053992 75757
1053993 75757
1053994 75757
1053995 75757
1053996 75757
1053997 75757
1053998 75757
1053999 75757
1054000 75757
1054001 70874
1054002 70874
1054003 70874
1054004 70874
1054005 68354
1054006 68354
1054007 68354
1054008 63314
1054009 63314
1054010 58274
1054011 58274
1054012 58274
1054013 58274
1054014 58274
1054015 58274
1054016 58274
1054017 58274
1054018 58274
1054019 58274
1054020 58274
1054021 58274
1054022 58274
1054023 58274
1054024 58274
1054025 58274
1054026 58274
1054027 58274
1054028 58274
1054029 58274
1054030 48194
1054031 48194
1054032 48194
1054033 48194
1054034 53234
1054035 53234
1054036 53234
1054037 73394
1054038 73394
1054039 73394
1054040 73394
1054041 73394
1054042 73394
1054043 73394
1054044 73394
1054045 73394
1054046 73394
1054047 73394
1054048 73394
1054049 73394
1054050 73394
1054051 73394
1054052 73394
1054053 73394
1054054 73394
1054055 73394
1054056 73394
1054057 73394
1054058 73394
1054059 75757
1054060 75757
1054061 75757
1054062 75757
1054063 73237
1054064 78277
1054065 78277
1054066 78277
1054067 78277
1054068 78277
1054069 78277
1054070 78277
1054071 78277
1054072 78277
1054073 78277
1054074 78277
1054075 78277
1054076 78277
1054077 70560
1054078 80640
1054079 80640
1054080 80640
1054081 80640
1054082 80640
1054083 80640
1054084 80640
1054085 80640
1054086 80640
1054087 80640
1054088 80640
1054089 80640
1054090 80640
1054091 80640
1054092 80640
1054093 80640
1054094 80640
1054095 80640
1054096 80640
1054097 80640
1054098 80640
1054099 80640
1054100 80640
1054101 80640
1054102 80640
1054103 75600
1054104 78120
1054105 78120
1054106 78120
1054107 78120
1054108 78120
1054109 78120
1054110 78120
1054111 78120
1054112 78120
1054113 78120
1054114 78120
1054115 78120
1054116 68040
1054117 68040
1054118 68040
1054119 68040
1054120 68040
1054121 68040
1054122 68040
1054123 68040
1054124 68040
1054125 68040
1054126 27720
1054127 47880
1054128 52920
1054129 68197
1054130 70717
1054131 78434
1054132 78434
1054133 78434
1054134 78434
1054135 78434
1054136 78434
1054137 78434
1054138 78434
1054139 78434
1054140 78434
1054141 78434
1054142 78434
1054143 78434
1054144 78434
1054145 78434
1054146 78434
1054147 68354
1054148 68354
1054149 68354
1054150 68354
1054151 58274
1054152 58274
1054153 55754
1054154 55754
1054155 55754
1054156 55754
1054157 55754
1054158 55754
1054159 55754
1054160 55754
1054161 55754
1054162 55754
1054163 55754
1054164 55754
1054165 55754
1054166 55754
1054167 53234
1054168 53234
1054169 53234
1054170 53234
1054171 53234
1054172 53234
1054173 53234
1054174 50714
1054175 50714
1054176 48194
1054177 48194
1054178 48194
1054179 48194
1054180 48194
1054181 68354
1054182 73394
1054183 78434
1054184 78434
1054185 78434
1054186 78434
1054187 78434
1054188 78434
1054189 78434
1054190 78434
1054191 78434
1054192 78434
1054193 78434
1054194 78434
1054195 78434
1054196 78434
1054197 78434
1054198 78434
1054199 78434
1054200 78434
1054201 78434
1054202 78434
1054203 78434
1054204 78434
1054205 78434
1054206 78434
1054207 78434
1054208 78434
1054209 78434
1054210 78434
1054211 78434
1054212 78434
1054213 78434
1054214 78434
1054215 78434
1054216 78434
1054217 78434
1054218 78434
1054219 78434
1054220 78434
1054221 78434
1054222 78434
1054223 78434
1054224 78434
1054225 78434
1054226 78434
1054227 78434
1054228 78434
1054229 78434
1054230 78434
1054231 78434
1054232 78434
1054233 78434
1054234 73394
1054235 75914
1054236 78434
1054237 78434
1054238 78434
1054239 78434
1054240 78434
1054241 78434
1054242 78434
1054243 78434
1054244 78434
1054245 78434
1054246 78434
1054247 78434
1054248 78434
1054249 78434
1054250 78434
1054251 78434
1054252 78434
1054253 78434
1054254 78434
1054255 78434
1054256 78434
1054257 78434
1054258 78434
1054259 78434
1054260 65677
1054261 65677
1054262 65677
1054263 65677
1054264 65677
1054265 65677
1054266 65677
1054267 65677
1054268 65677
1054269 73237
1054270 73237
1054271 73237
1054272 70717
1054273 70717
1054274 70717
1054275 70717
1054276 70717
1054277 50557
1054278 65677
1054279 70717
1054280 70717
1054281 63157
1054282 60637
1054283 60637
1054284 60637
1054285 60637
1054286 60637
1054287 60637
1054288 60637
1054289 60637
1054290 60637
1054291 60637
1054292 60637
1054293 60637
1054294 60637
1054295 60637
1054296 60637
1054297 60637
1054298 60637
1054299 60637
1054300 60637
1054301 60637
1054302 60637
1054303 60637
1054304 60637
1054305 60637
1054306 60637
1054307 60637
1054308 60637
1054309 60637
1054310 60637
1054311 60637
1054312 60637
1054313 60637
1054314 60637
1054315 60637
1054316 60637
1054317 60637
1054318 60637
1054319 60637
1054320 60637
1054321 60637
1054322 60637
1054323 60637
1054324 58117
1054325 78277
1054326 78277
1054327 78277
1054328 78277
1054329 78277
1054330 78277
1054331 78277
1054332 78277
1054333 78277
1054334 78277
1054335 78277
1054336 78277
1054337 78277
1054338 78277
1054339 78277
1054340 78277
1054341 78277
1054342 78277
1054343 68197
1054344 78434
1054345 78434
1054346 78434
1054347 78434
1054348 78434
1054349 78434
1054350 78434
1054351 78434
1054352 78434
1054353 78434
1054354 78434
1054355 78434
1054356 78434
1054357 78434
1054358 78434
1054359 78434
1054360 78434
1054361 78434
1054362 78434
1054363 73394
1054364 73394
1054365 73394
1054366 73394
1054367 73394
1054368 73394
1054369 73394
1054370 73394
1054371 73394
1054372 73394
1054373 73394
1054374 73394
1054375 70717
1054376 78434
1054377 53234
1054378 60794
1054379 68354
1054380 50714
1054381 70874
1054382 73394
1054383 73394
1054384 73394
1054385 73394
1054386 70874
1054387 78591
1054388 78591
1054389 78591
1054390 78591
1054391 78591
1054392 78591
1054393 78591
1054394 78591
1054395 78591
1054396 78591
1054397 78591
1054398 78591
1054399 78591
1054400 78591
1054401 78591
1054402 78591
1054403 78591
1054404 78591
1054405 78591
1054406 78591
1054407 78591
1054408 78591
1054409 78591
1054410 78591
1054411 78591
1054412 78591
1054413 78591
1054414 78591
1054415 78591
1054416 78591
1054417 78591
1054418 70874
1054419 75914
1054420 75914
1054421 75914
1054422 75914
1054423 75914
1054424 75914
1054425 73394
1054426 70874
1054427 70874
1054428 70874
1054429 70874
1054430 70874
1054431 70874
1054432 70874
1054433 70874
1054434 70874
1054435 70874
1054436 68354
1054437 68354
1054438 78434
1054439 58274
1054440 78434
1054441 78434
1054442 78434
1054443 78434
1054444 78434
1054445 78434
1054446 78434
1054447 78434
1054448 78434
1054449 70717
1054450 73237
1054451 73237
1054452 73237
1054453 73237
1054454 75600
1054455 80640
1054456 80640
1054457 80640
1054458 80640
1054459 80640
1054460 80640
1054461 80640
1054462 75600
1054463 75600
1054464 75600
1054465 75600
1054466 75600
1054467 75600
1054468 75600
1054469 75600
1054470 75600
1054471 75600
1054472 75600
1054473 73080
1054474 70560
1054475 70560
1054476 70560
1054477 70560
1054478 70560
1054479 70560
1054480 70560
1054481 70560
1054482 60480
1054483 80640
1054484 80640
1054485 80640
1054486 80640
1054487 60480
1054488 70717
1054489 68197
1054490 68197
1054491 68197
1054492 68197
1054493 68197
1054494 68197
1054495 68197
1054496 68197
1054497 68197
1054498 68197
1054499 68197
1054500 68197
1054501 48037
1054502 48037
1054503 48037
1054504 48037
1054505 48037
1054506 48037
1054507 48037
1054508 48037
1054509 48037
1054510 48037
1054511 48037
1054512 48037
1054513 48037
1054514 48037
1054515 48037
1054516 78277
1054517 78277
1054518 78277
1054519 75757
1054520 75757
1054521 75757
1054522 75757
1054523 75757
1054524 75757
1054525 75757
1054526 75757
1054527 75757
1054528 75757
1054529 75757
1054530 75757
1054531 75757
1054532 75757
1054533 75757
1054534 75757
1054535 75757
1054536 75757
1054537 75757
1054538 75757
1054539 60637
1054540 65677
1054541 65677
1054542 65677
1054543 65677
1054544 65677
1054545 65677
1054546 65677
1054547 65677
1054548 65677
1054549 65677
1054550 65677
1054551 65677
1054552 65677
1054553 65677
1054554 60637
1054555 60637
1054556 60637
1054557 60637
1054558 60637
1054559 60637
1054560 60637
1054561 73080
1054562 73080
1054563 73080
1054564 73080
1054565 73080
1054566 73080
1054567 73080
1054568 73080
1054569 73080
1054570 73080
1054571 73080
1054572 73080
1054573 73080
1054574 73080
1054575 73080
1054576 73080
1054577 73080
1054578 73080
1054579 73080
1054580 73080
1054581 73080
1054582 73080
1054583 73080
1054584 73080
1054585 73080
1054586 73080
1054587 73080
1054588 32760
1054589 60637
1054590 65677
1054591 70717
1054592 70717
1054593 70717
1054594 70717
1054595 70717
1054596 70717
1054597 70717
1054598 70717
1054599 70717
1054600 70717
1054601 70717
1054602 70717
1054603 70717
1054604 70717
1054605 70717
1054606 70717
1054607 70717
1054608 70717
1054609 70717
1054610 70717
1054611 70717
1054612 70717
1054613 60637
1054614 73394
1054615 73394
1054616 73394
1054617 73394
1054618 73394
1054619 73394
1054620 73394
1054621 73394
1054622 73394
1054623 73394
1054624 73394
1054625 73394
1054626 73394
1054627 73394
1054628 73394
1054629 73394
1054630 73394
1054631 73394
1054632 78591
1054633 78591
1054634 78591
1054635 73551
1054636 78591
1054637 78591
1054638 76071
1054639 76071
1054640 78591
1054641 78591
1054642 78591
1054643 78591
1054644 78591
1054645 78591
1054646 78591
1054647 78591
1054648 78591
1054649 78591
1054650 78591
1054651 78591
1054652 78591
1054653 78591
1054654 78591
1054655 78591
1054656 78591
1054657 55911
1054658 55911
1054659 55911
1054660 55911
1054661 55911
1054662 55911
1054663 55911
1054664 55911
1054665 55911
1054666 48194
1054667 48194
1054668 48194
1054669 48194
1054670 48194
1054671 48194
1054672 48194
1054673 48194
1054674 48194
1054675 48194
1054676 38114
1054677 38114
1054678 38114
1054679 38114
1054680 38114
1054681 38114
1054682 38114
1054683 38114
1054684 38114
1054685 38114
1054686 38114
1054687 38114
1054688 38114
1054689 38114
1054690 38114
1054691 38114
1054692 38114
1054693 38114
1054694 38114
1054695 38114
1054696 38114
1054697 38114
1054698 38114
1054699 38114
1054700 38114
1054701 38114
1054702 38114
1054703 38114
1054704 38114
1054705 38114
1054706 38114
1054707 38114
1054708 38114
1054709 30397
1054710 30397
1054711 30397
1054712 30397
1054713 30397
1054714 30397
1054715 30397
1054716 30397
1054717 30397
1054718 30397
1054719 30397
1054720 30397
1054721 30397
1054722 30397
1054723 30397
1054724 30397
1054725 30397
1054726 30397
1054727 30397
1054728 30397
1054729 30397
1054730 30397
1054731 30397
1054732 30397
1054733 27877
1054734 27877
1054735 27877
1054736 27877
1054737 15120
1054738 15120
1054739 5040
1054740 5040
1054741 5040
1054742 5040
1054743 5040
1054744 5040
1054745 5040
1054746 5040
1054747 5040
1054748 5040
1054749 5040
1054750 5040
1054751 5040
1054752 5040
1054753 5040
1054754 5040
1054755 5040
1054756 5040
1054757 5040
1054758 5040
1054759 5040
1054760 5040
1054761 5040
1054762 5040
1054763 5040
1054764 5040
1054765 5040
1054766 5040
1054767 5040
1054768 5040
1054769 5040
1054770 5040
1054771 5040
1054772 5040
1054773 5040
1054774 5040
1054775 5040
1054776 5040
1054777 5040
1054778 5040
1054779 5040
1054780 5040
1054781 5040
1054782 5040
1054783 5040
1054784 5040
1054785 5040
1054786 5040
1054787 5040
1054788 5040
1054789 5040
1054790 5040
1054791 5040
1054792 5040
1054793 5040
1054794 5040
1054795 5040
1054796 5040
1054797 5040
1054798 5040
1054799 5040
1054800 5040
1054801 5040
1054802 5040
1054803 5040
1054804 5040
1054805 5040
1054806 5040
1054807 5040
1054808 5040
1054809 5040
1054810 5040
1054811 5040
1054812 5040
1054813 5040
1054814 0
1054815 80640
1054816 80640
1054817 80640
1054818 80640
1054819 80640
1054820 80640
1054821 80640
1054822 80640
1054823 80640
1054824 80640
1054825 80640
1054826 80640
1054827 80640
1054828 80640
1054829 80640
1054830 80640
1054831 80640
1054832 80640
1054833 80640
1054834 80640
1054835 80640
1054836 80640
1054837 80640
1054838 80640
1054839 80640
1054840 80640
1054841 80640
1054842 80640
1054843 80640
1054844 80640
1054845 80640
1054846 80640
1054847 80640
1054848 80640
1054849 80640
1054850 80640
1054851 80640
1054852 80640
1054853 80640
1054854 80640
1054855 80640
1054856 80640
1054857 80640
1054858 80640
1054859 80640
1054860 80640
1054861 80640
1054862 80640
1054863 80640
1054864 80640
1054865 80640
1054866 80640
1054867 80640
1054868 80640
1054869 80640
1054870 80640
1054871 80640
1054872 80640
1054873 80640
1054874 80640
1054875 80640
1054876 80640
1054877 80640
1054878 80640
1054879 80640
1054880 80640
1054881 80640
1054882 80640
1054883 80640
1054884 80640
1054885 80640
1054886 80640
1054887 80640
1054888 80640
1054889 80640
1054890 80640
1054891 80640
1054892 0
1054893 0
1054894 80640
1054895 80640
1054896 80640
1054897 80640
1054898 80640
1054899 80640
1054900 80640
1054901 80640
1054902 80640
1054903 80640
1054904 80640
1054905 80640
1054906 80640
1054907 80640
1054908 80640
1054909 80640
1054910 80640
1054911 80640
1054912 80640
1054913 80640
1054914 80640
1054915 80640
1054916 80640
1054917 80640
1054918 80640
1054919 80640
1054920 80640
1054921 80640
1054922 80640
1054923 80640
1054924 80640
1054925 80640
1054926 80640
1054927 80640
1054928 80640
1054929 80640
1054930 80640
1054931 80640
1054932 80640
1054933 80640
1054934 80640
1054935 80640
1054936 80640
1054937 80640
1054938 80640
1054939 80640
1054940 80640
1054941 80640
1054942 80640
1054943 80640
1054944 80640
1054945 80640
1054946 80640
1054947 80640
1054948 80640
1054949 80640
1054950 80640
1054951 80640
1054952 80640
1054953 80640
1054954 80640
1054955 80640
1054956 80640
1054957 80640
1054958 80640
1054959 80640
1054960 80640
1054961 80640
1054962 80640
1054963 80640
1054964 80640
1054965 80640
1054966 80640
1054967 80640
1054968 80640
1054969 80640
1054970 80640
1054971 80640
1054972 0
